<?xml version="1.0" encoding="UTF-8"?>
<!-- Generated by org.testng.reporters.JUnitReportReporter -->
<testsuite hostname="LAPTOP-G6OBC7CG" failures="0" tests="2" name="TestCasesTestNG.EktaLogin" time="796.263" errors="1" timestamp="2022-11-08T15:34:52 CST" skipped="0">
  <testcase classname="TestCasesTestNG.EktaLogin" name="verifyLoginCredentials" time="792.191">
    <error type="java.lang.StackOverflowError">
      <![CDATA[java.lang.StackOverflowError
at org.openqa.selenium.SharedCapabilitiesMethods.abbreviate(SharedCapabilitiesMethods.java:105)
at org.openqa.selenium.SharedCapabilitiesMethods.toString(SharedCapabilitiesMethods.java:78)
at org.openqa.selenium.ImmutableCapabilities.toString(ImmutableCapabilities.java:195)
at org.openqa.selenium.remote.RemoteWebDriver.populateWebDriverException(RemoteWebDriver.java:597)
at org.openqa.selenium.remote.RemoteWebDriver.execute(RemoteWebDriver.java:574)
at org.openqa.selenium.remote.ElementLocation$ElementFinder$2.findElement(ElementLocation.java:162)
at org.openqa.selenium.remote.ElementLocation.findElement(ElementLocation.java:60)
at org.openqa.selenium.remote.RemoteWebDriver.findElement(RemoteWebDriver.java:365)
at org.openqa.selenium.remote.RemoteWebDriver.findElement(RemoteWebDriver.java:357)
at org.openqa.selenium.support.pagefactory.DefaultElementLocator.findElement(DefaultElementLocator.java:70)
at org.openqa.selenium.support.pagefactory.internal.LocatingElementHandler.invoke(LocatingElementHandler.java:39)
at jdk.proxy2/jdk.proxy2.$Proxy37.getText(Unknown Source)
at PageObjectTestNG.LoginPage.invlaiduserorPaswdMsg(LoginPage.java:23)
at PageObjectTestNG.LoginPage.invlaiduserorPaswdMsg(LoginPage.java:25)
at PageObjectTestNG.LoginPage.invlaiduserorPaswdMsg(LoginPage.java:25)
at PageObjectTestNG.LoginPage.invlaiduserorPaswdMsg(LoginPage.java:25)
at PageObjectTestNG.LoginPage.invlaiduserorPaswdMsg(LoginPage.java:25)
at PageObjectTestNG.LoginPage.invlaiduserorPaswdMsg(LoginPage.java:25)
at PageObjectTestNG.LoginPage.invlaiduserorPaswdMsg(LoginPage.java:25)
at PageObjectTestNG.LoginPage.invlaiduserorPaswdMsg(LoginPage.java:25)
at PageObjectTestNG.LoginPage.invlaiduserorPaswdMsg(LoginPage.java:25)
at PageObjectTestNG.LoginPage.invlaiduserorPaswdMsg(LoginPage.java:25)
at PageObjectTestNG.LoginPage.invlaiduserorPaswdMsg(LoginPage.java:25)
at PageObjectTestNG.LoginPage.invlaiduserorPaswdMsg(LoginPage.java:25)
at PageObjectTestNG.LoginPage.invlaiduserorPaswdMsg(LoginPage.java:25)
at PageObjectTestNG.LoginPage.invlaiduserorPaswdMsg(LoginPage.java:25)
at PageObjectTestNG.LoginPage.invlaiduserorPaswdMsg(LoginPage.java:25)
at PageObjectTestNG.LoginPage.invlaiduserorPaswdMsg(LoginPage.java:25)
at PageObjectTestNG.LoginPage.invlaiduserorPaswdMsg(LoginPage.java:25)
at PageObjectTestNG.LoginPage.invlaiduserorPaswdMsg(LoginPage.java:25)
at PageObjectTestNG.LoginPage.invlaiduserorPaswdMsg(LoginPage.java:25)
at PageObjectTestNG.LoginPage.invlaiduserorPaswdMsg(LoginPage.java:25)
at PageObjectTestNG.LoginPage.invlaiduserorPaswdMsg(LoginPage.java:25)
at PageObjectTestNG.LoginPage.invlaiduserorPaswdMsg(LoginPage.java:25)
at PageObjectTestNG.LoginPage.invlaiduserorPaswdMsg(LoginPage.java:25)
at PageObjectTestNG.LoginPage.invlaiduserorPaswdMsg(LoginPage.java:25)
at PageObjectTestNG.LoginPage.invlaiduserorPaswdMsg(LoginPage.java:25)
at PageObjectTestNG.LoginPage.invlaiduserorPaswdMsg(LoginPage.java:25)
at PageObjectTestNG.LoginPage.invlaiduserorPaswdMsg(LoginPage.java:25)
at PageObjectTestNG.LoginPage.invlaiduserorPaswdMsg(LoginPage.java:25)
at PageObjectTestNG.LoginPage.invlaiduserorPaswdMsg(LoginPage.java:25)
at PageObjectTestNG.LoginPage.invlaiduserorPaswdMsg(LoginPage.java:25)
at PageObjectTestNG.LoginPage.invlaiduserorPaswdMsg(LoginPage.java:25)
at PageObjectTestNG.LoginPage.invlaiduserorPaswdMsg(LoginPage.java:25)
at PageObjectTestNG.LoginPage.invlaiduserorPaswdMsg(LoginPage.java:25)
at PageObjectTestNG.LoginPage.invlaiduserorPaswdMsg(LoginPage.java:25)
at PageObjectTestNG.LoginPage.invlaiduserorPaswdMsg(LoginPage.java:25)
at PageObjectTestNG.LoginPage.invlaiduserorPaswdMsg(LoginPage.java:25)
at PageObjectTestNG.LoginPage.invlaiduserorPaswdMsg(LoginPage.java:25)
at PageObjectTestNG.LoginPage.invlaiduserorPaswdMsg(LoginPage.java:25)
at PageObjectTestNG.LoginPage.invlaiduserorPaswdMsg(LoginPage.java:25)
at PageObjectTestNG.LoginPage.invlaiduserorPaswdMsg(LoginPage.java:25)
at PageObjectTestNG.LoginPage.invlaiduserorPaswdMsg(LoginPage.java:25)
at PageObjectTestNG.LoginPage.invlaiduserorPaswdMsg(LoginPage.java:25)
at PageObjectTestNG.LoginPage.invlaiduserorPaswdMsg(LoginPage.java:25)
at PageObjectTestNG.LoginPage.invlaiduserorPaswdMsg(LoginPage.java:25)
at PageObjectTestNG.LoginPage.invlaiduserorPaswdMsg(LoginPage.java:25)
at PageObjectTestNG.LoginPage.invlaiduserorPaswdMsg(LoginPage.java:25)
at PageObjectTestNG.LoginPage.invlaiduserorPaswdMsg(LoginPage.java:25)
at PageObjectTestNG.LoginPage.invlaiduserorPaswdMsg(LoginPage.java:25)
at PageObjectTestNG.LoginPage.invlaiduserorPaswdMsg(LoginPage.java:25)
at PageObjectTestNG.LoginPage.invlaiduserorPaswdMsg(LoginPage.java:25)
at PageObjectTestNG.LoginPage.invlaiduserorPaswdMsg(LoginPage.java:25)
at PageObjectTestNG.LoginPage.invlaiduserorPaswdMsg(LoginPage.java:25)
at PageObjectTestNG.LoginPage.invlaiduserorPaswdMsg(LoginPage.java:25)
at PageObjectTestNG.LoginPage.invlaiduserorPaswdMsg(LoginPage.java:25)
at PageObjectTestNG.LoginPage.invlaiduserorPaswdMsg(LoginPage.java:25)
at PageObjectTestNG.LoginPage.invlaiduserorPaswdMsg(LoginPage.java:25)
at PageObjectTestNG.LoginPage.invlaiduserorPaswdMsg(LoginPage.java:25)
at PageObjectTestNG.LoginPage.invlaiduserorPaswdMsg(LoginPage.java:25)
at PageObjectTestNG.LoginPage.invlaiduserorPaswdMsg(LoginPage.java:25)
at PageObjectTestNG.LoginPage.invlaiduserorPaswdMsg(LoginPage.java:25)
at PageObjectTestNG.LoginPage.invlaiduserorPaswdMsg(LoginPage.java:25)
at PageObjectTestNG.LoginPage.invlaiduserorPaswdMsg(LoginPage.java:25)
at PageObjectTestNG.LoginPage.invlaiduserorPaswdMsg(LoginPage.java:25)
at PageObjectTestNG.LoginPage.invlaiduserorPaswdMsg(LoginPage.java:25)
at PageObjectTestNG.LoginPage.invlaiduserorPaswdMsg(LoginPage.java:25)
at PageObjectTestNG.LoginPage.invlaiduserorPaswdMsg(LoginPage.java:25)
at PageObjectTestNG.LoginPage.invlaiduserorPaswdMsg(LoginPage.java:25)
at PageObjectTestNG.LoginPage.invlaiduserorPaswdMsg(LoginPage.java:25)
at PageObjectTestNG.LoginPage.invlaiduserorPaswdMsg(LoginPage.java:25)
at PageObjectTestNG.LoginPage.invlaiduserorPaswdMsg(LoginPage.java:25)
at PageObjectTestNG.LoginPage.invlaiduserorPaswdMsg(LoginPage.java:25)
at PageObjectTestNG.LoginPage.invlaiduserorPaswdMsg(LoginPage.java:25)
at PageObjectTestNG.LoginPage.invlaiduserorPaswdMsg(LoginPage.java:25)
at PageObjectTestNG.LoginPage.invlaiduserorPaswdMsg(LoginPage.java:25)
at PageObjectTestNG.LoginPage.invlaiduserorPaswdMsg(LoginPage.java:25)
at PageObjectTestNG.LoginPage.invlaiduserorPaswdMsg(LoginPage.java:25)
at PageObjectTestNG.LoginPage.invlaiduserorPaswdMsg(LoginPage.java:25)
at PageObjectTestNG.LoginPage.invlaiduserorPaswdMsg(LoginPage.java:25)
at PageObjectTestNG.LoginPage.invlaiduserorPaswdMsg(LoginPage.java:25)
at PageObjectTestNG.LoginPage.invlaiduserorPaswdMsg(LoginPage.java:25)
at PageObjectTestNG.LoginPage.invlaiduserorPaswdMsg(LoginPage.java:25)
at PageObjectTestNG.LoginPage.invlaiduserorPaswdMsg(LoginPage.java:25)
at PageObjectTestNG.LoginPage.invlaiduserorPaswdMsg(LoginPage.java:25)
at PageObjectTestNG.LoginPage.invlaiduserorPaswdMsg(LoginPage.java:25)
at PageObjectTestNG.LoginPage.invlaiduserorPaswdMsg(LoginPage.java:25)
at PageObjectTestNG.LoginPage.invlaiduserorPaswdMsg(LoginPage.java:25)
at PageObjectTestNG.LoginPage.invlaiduserorPaswdMsg(LoginPage.java:25)
at PageObjectTestNG.LoginPage.invlaiduserorPaswdMsg(LoginPage.java:25)
at PageObjectTestNG.LoginPage.invlaiduserorPaswdMsg(LoginPage.java:25)
at PageObjectTestNG.LoginPage.invlaiduserorPaswdMsg(LoginPage.java:25)
at PageObjectTestNG.LoginPage.invlaiduserorPaswdMsg(LoginPage.java:25)
at PageObjectTestNG.LoginPage.invlaiduserorPaswdMsg(LoginPage.java:25)
at PageObjectTestNG.LoginPage.invlaiduserorPaswdMsg(LoginPage.java:25)
at PageObjectTestNG.LoginPage.invlaiduserorPaswdMsg(LoginPage.java:25)
at PageObjectTestNG.LoginPage.invlaiduserorPaswdMsg(LoginPage.java:25)
at PageObjectTestNG.LoginPage.invlaiduserorPaswdMsg(LoginPage.java:25)
at PageObjectTestNG.LoginPage.invlaiduserorPaswdMsg(LoginPage.java:25)
at PageObjectTestNG.LoginPage.invlaiduserorPaswdMsg(LoginPage.java:25)
at PageObjectTestNG.LoginPage.invlaiduserorPaswdMsg(LoginPage.java:25)
at PageObjectTestNG.LoginPage.invlaiduserorPaswdMsg(LoginPage.java:25)
at PageObjectTestNG.LoginPage.invlaiduserorPaswdMsg(LoginPage.java:25)
at PageObjectTestNG.LoginPage.invlaiduserorPaswdMsg(LoginPage.java:25)
at PageObjectTestNG.LoginPage.invlaiduserorPaswdMsg(LoginPage.java:25)
at PageObjectTestNG.LoginPage.invlaiduserorPaswdMsg(LoginPage.java:25)
at PageObjectTestNG.LoginPage.invlaiduserorPaswdMsg(LoginPage.java:25)
at PageObjectTestNG.LoginPage.invlaiduserorPaswdMsg(LoginPage.java:25)
at PageObjectTestNG.LoginPage.invlaiduserorPaswdMsg(LoginPage.java:25)
at PageObjectTestNG.LoginPage.invlaiduserorPaswdMsg(LoginPage.java:25)
at PageObjectTestNG.LoginPage.invlaiduserorPaswdMsg(LoginPage.java:25)
at PageObjectTestNG.LoginPage.invlaiduserorPaswdMsg(LoginPage.java:25)
at PageObjectTestNG.LoginPage.invlaiduserorPaswdMsg(LoginPage.java:25)
at PageObjectTestNG.LoginPage.invlaiduserorPaswdMsg(LoginPage.java:25)
at PageObjectTestNG.LoginPage.invlaiduserorPaswdMsg(LoginPage.java:25)
at PageObjectTestNG.LoginPage.invlaiduserorPaswdMsg(LoginPage.java:25)
at PageObjectTestNG.LoginPage.invlaiduserorPaswdMsg(LoginPage.java:25)
at PageObjectTestNG.LoginPage.invlaiduserorPaswdMsg(LoginPage.java:25)
at PageObjectTestNG.LoginPage.invlaiduserorPaswdMsg(LoginPage.java:25)
at PageObjectTestNG.LoginPage.invlaiduserorPaswdMsg(LoginPage.java:25)
at PageObjectTestNG.LoginPage.invlaiduserorPaswdMsg(LoginPage.java:25)
at PageObjectTestNG.LoginPage.invlaiduserorPaswdMsg(LoginPage.java:25)
at PageObjectTestNG.LoginPage.invlaiduserorPaswdMsg(LoginPage.java:25)
at PageObjectTestNG.LoginPage.invlaiduserorPaswdMsg(LoginPage.java:25)
at PageObjectTestNG.LoginPage.invlaiduserorPaswdMsg(LoginPage.java:25)
at PageObjectTestNG.LoginPage.invlaiduserorPaswdMsg(LoginPage.java:25)
at PageObjectTestNG.LoginPage.invlaiduserorPaswdMsg(LoginPage.java:25)
at PageObjectTestNG.LoginPage.invlaiduserorPaswdMsg(LoginPage.java:25)
at PageObjectTestNG.LoginPage.invlaiduserorPaswdMsg(LoginPage.java:25)
at PageObjectTestNG.LoginPage.invlaiduserorPaswdMsg(LoginPage.java:25)
at PageObjectTestNG.LoginPage.invlaiduserorPaswdMsg(LoginPage.java:25)
at PageObjectTestNG.LoginPage.invlaiduserorPaswdMsg(LoginPage.java:25)
at PageObjectTestNG.LoginPage.invlaiduserorPaswdMsg(LoginPage.java:25)
at PageObjectTestNG.LoginPage.invlaiduserorPaswdMsg(LoginPage.java:25)
at PageObjectTestNG.LoginPage.invlaiduserorPaswdMsg(LoginPage.java:25)
at PageObjectTestNG.LoginPage.invlaiduserorPaswdMsg(LoginPage.java:25)
at PageObjectTestNG.LoginPage.invlaiduserorPaswdMsg(LoginPage.java:25)
at PageObjectTestNG.LoginPage.invlaiduserorPaswdMsg(LoginPage.java:25)
at PageObjectTestNG.LoginPage.invlaiduserorPaswdMsg(LoginPage.java:25)
at PageObjectTestNG.LoginPage.invlaiduserorPaswdMsg(LoginPage.java:25)
at PageObjectTestNG.LoginPage.invlaiduserorPaswdMsg(LoginPage.java:25)
at PageObjectTestNG.LoginPage.invlaiduserorPaswdMsg(LoginPage.java:25)
at PageObjectTestNG.LoginPage.invlaiduserorPaswdMsg(LoginPage.java:25)
at PageObjectTestNG.LoginPage.invlaiduserorPaswdMsg(LoginPage.java:25)
at PageObjectTestNG.LoginPage.invlaiduserorPaswdMsg(LoginPage.java:25)
at PageObjectTestNG.LoginPage.invlaiduserorPaswdMsg(LoginPage.java:25)
at PageObjectTestNG.LoginPage.invlaiduserorPaswdMsg(LoginPage.java:25)
at PageObjectTestNG.LoginPage.invlaiduserorPaswdMsg(LoginPage.java:25)
at PageObjectTestNG.LoginPage.invlaiduserorPaswdMsg(LoginPage.java:25)
at PageObjectTestNG.LoginPage.invlaiduserorPaswdMsg(LoginPage.java:25)
at PageObjectTestNG.LoginPage.invlaiduserorPaswdMsg(LoginPage.java:25)
at PageObjectTestNG.LoginPage.invlaiduserorPaswdMsg(LoginPage.java:25)
at PageObjectTestNG.LoginPage.invlaiduserorPaswdMsg(LoginPage.java:25)
at PageObjectTestNG.LoginPage.invlaiduserorPaswdMsg(LoginPage.java:25)
at PageObjectTestNG.LoginPage.invlaiduserorPaswdMsg(LoginPage.java:25)
at PageObjectTestNG.LoginPage.invlaiduserorPaswdMsg(LoginPage.java:25)
at PageObjectTestNG.LoginPage.invlaiduserorPaswdMsg(LoginPage.java:25)
at PageObjectTestNG.LoginPage.invlaiduserorPaswdMsg(LoginPage.java:25)
at PageObjectTestNG.LoginPage.invlaiduserorPaswdMsg(LoginPage.java:25)
at PageObjectTestNG.LoginPage.invlaiduserorPaswdMsg(LoginPage.java:25)
at PageObjectTestNG.LoginPage.invlaiduserorPaswdMsg(LoginPage.java:25)
at PageObjectTestNG.LoginPage.invlaiduserorPaswdMsg(LoginPage.java:25)
at PageObjectTestNG.LoginPage.invlaiduserorPaswdMsg(LoginPage.java:25)
at PageObjectTestNG.LoginPage.invlaiduserorPaswdMsg(LoginPage.java:25)
at PageObjectTestNG.LoginPage.invlaiduserorPaswdMsg(LoginPage.java:25)
at PageObjectTestNG.LoginPage.invlaiduserorPaswdMsg(LoginPage.java:25)
at PageObjectTestNG.LoginPage.invlaiduserorPaswdMsg(LoginPage.java:25)
at PageObjectTestNG.LoginPage.invlaiduserorPaswdMsg(LoginPage.java:25)
at PageObjectTestNG.LoginPage.invlaiduserorPaswdMsg(LoginPage.java:25)
at PageObjectTestNG.LoginPage.invlaiduserorPaswdMsg(LoginPage.java:25)
at PageObjectTestNG.LoginPage.invlaiduserorPaswdMsg(LoginPage.java:25)
at PageObjectTestNG.LoginPage.invlaiduserorPaswdMsg(LoginPage.java:25)
at PageObjectTestNG.LoginPage.invlaiduserorPaswdMsg(LoginPage.java:25)
at PageObjectTestNG.LoginPage.invlaiduserorPaswdMsg(LoginPage.java:25)
at PageObjectTestNG.LoginPage.invlaiduserorPaswdMsg(LoginPage.java:25)
at PageObjectTestNG.LoginPage.invlaiduserorPaswdMsg(LoginPage.java:25)
at PageObjectTestNG.LoginPage.invlaiduserorPaswdMsg(LoginPage.java:25)
at PageObjectTestNG.LoginPage.invlaiduserorPaswdMsg(LoginPage.java:25)
at PageObjectTestNG.LoginPage.invlaiduserorPaswdMsg(LoginPage.java:25)
at PageObjectTestNG.LoginPage.invlaiduserorPaswdMsg(LoginPage.java:25)
at PageObjectTestNG.LoginPage.invlaiduserorPaswdMsg(LoginPage.java:25)
at PageObjectTestNG.LoginPage.invlaiduserorPaswdMsg(LoginPage.java:25)
at PageObjectTestNG.LoginPage.invlaiduserorPaswdMsg(LoginPage.java:25)
at PageObjectTestNG.LoginPage.invlaiduserorPaswdMsg(LoginPage.java:25)
at PageObjectTestNG.LoginPage.invlaiduserorPaswdMsg(LoginPage.java:25)
at PageObjectTestNG.LoginPage.invlaiduserorPaswdMsg(LoginPage.java:25)
at PageObjectTestNG.LoginPage.invlaiduserorPaswdMsg(LoginPage.java:25)
at PageObjectTestNG.LoginPage.invlaiduserorPaswdMsg(LoginPage.java:25)
at PageObjectTestNG.LoginPage.invlaiduserorPaswdMsg(LoginPage.java:25)
at PageObjectTestNG.LoginPage.invlaiduserorPaswdMsg(LoginPage.java:25)
at PageObjectTestNG.LoginPage.invlaiduserorPaswdMsg(LoginPage.java:25)
at PageObjectTestNG.LoginPage.invlaiduserorPaswdMsg(LoginPage.java:25)
at PageObjectTestNG.LoginPage.invlaiduserorPaswdMsg(LoginPage.java:25)
at PageObjectTestNG.LoginPage.invlaiduserorPaswdMsg(LoginPage.java:25)
at PageObjectTestNG.LoginPage.invlaiduserorPaswdMsg(LoginPage.java:25)
at PageObjectTestNG.LoginPage.invlaiduserorPaswdMsg(LoginPage.java:25)
at PageObjectTestNG.LoginPage.invlaiduserorPaswdMsg(LoginPage.java:25)
at PageObjectTestNG.LoginPage.invlaiduserorPaswdMsg(LoginPage.java:25)
at PageObjectTestNG.LoginPage.invlaiduserorPaswdMsg(LoginPage.java:25)
at PageObjectTestNG.LoginPage.invlaiduserorPaswdMsg(LoginPage.java:25)
at PageObjectTestNG.LoginPage.invlaiduserorPaswdMsg(LoginPage.java:25)
at PageObjectTestNG.LoginPage.invlaiduserorPaswdMsg(LoginPage.java:25)
at PageObjectTestNG.LoginPage.invlaiduserorPaswdMsg(LoginPage.java:25)
at PageObjectTestNG.LoginPage.invlaiduserorPaswdMsg(LoginPage.java:25)
at PageObjectTestNG.LoginPage.invlaiduserorPaswdMsg(LoginPage.java:25)
at PageObjectTestNG.LoginPage.invlaiduserorPaswdMsg(LoginPage.java:25)
at PageObjectTestNG.LoginPage.invlaiduserorPaswdMsg(LoginPage.java:25)
at PageObjectTestNG.LoginPage.invlaiduserorPaswdMsg(LoginPage.java:25)
at PageObjectTestNG.LoginPage.invlaiduserorPaswdMsg(LoginPage.java:25)
at PageObjectTestNG.LoginPage.invlaiduserorPaswdMsg(LoginPage.java:25)
at PageObjectTestNG.LoginPage.invlaiduserorPaswdMsg(LoginPage.java:25)
at PageObjectTestNG.LoginPage.invlaiduserorPaswdMsg(LoginPage.java:25)
at PageObjectTestNG.LoginPage.invlaiduserorPaswdMsg(LoginPage.java:25)
at PageObjectTestNG.LoginPage.invlaiduserorPaswdMsg(LoginPage.java:25)
at PageObjectTestNG.LoginPage.invlaiduserorPaswdMsg(LoginPage.java:25)
at PageObjectTestNG.LoginPage.invlaiduserorPaswdMsg(LoginPage.java:25)
at PageObjectTestNG.LoginPage.invlaiduserorPaswdMsg(LoginPage.java:25)
at PageObjectTestNG.LoginPage.invlaiduserorPaswdMsg(LoginPage.java:25)
at PageObjectTestNG.LoginPage.invlaiduserorPaswdMsg(LoginPage.java:25)
at PageObjectTestNG.LoginPage.invlaiduserorPaswdMsg(LoginPage.java:25)
at PageObjectTestNG.LoginPage.invlaiduserorPaswdMsg(LoginPage.java:25)
at PageObjectTestNG.LoginPage.invlaiduserorPaswdMsg(LoginPage.java:25)
at PageObjectTestNG.LoginPage.invlaiduserorPaswdMsg(LoginPage.java:25)
at PageObjectTestNG.LoginPage.invlaiduserorPaswdMsg(LoginPage.java:25)
at PageObjectTestNG.LoginPage.invlaiduserorPaswdMsg(LoginPage.java:25)
at PageObjectTestNG.LoginPage.invlaiduserorPaswdMsg(LoginPage.java:25)
at PageObjectTestNG.LoginPage.invlaiduserorPaswdMsg(LoginPage.java:25)
at PageObjectTestNG.LoginPage.invlaiduserorPaswdMsg(LoginPage.java:25)
at PageObjectTestNG.LoginPage.invlaiduserorPaswdMsg(LoginPage.java:25)
at PageObjectTestNG.LoginPage.invlaiduserorPaswdMsg(LoginPage.java:25)
at PageObjectTestNG.LoginPage.invlaiduserorPaswdMsg(LoginPage.java:25)
at PageObjectTestNG.LoginPage.invlaiduserorPaswdMsg(LoginPage.java:25)
at PageObjectTestNG.LoginPage.invlaiduserorPaswdMsg(LoginPage.java:25)
at PageObjectTestNG.LoginPage.invlaiduserorPaswdMsg(LoginPage.java:25)
at PageObjectTestNG.LoginPage.invlaiduserorPaswdMsg(LoginPage.java:25)
at PageObjectTestNG.LoginPage.invlaiduserorPaswdMsg(LoginPage.java:25)
at PageObjectTestNG.LoginPage.invlaiduserorPaswdMsg(LoginPage.java:25)
at PageObjectTestNG.LoginPage.invlaiduserorPaswdMsg(LoginPage.java:25)
at PageObjectTestNG.LoginPage.invlaiduserorPaswdMsg(LoginPage.java:25)
at PageObjectTestNG.LoginPage.invlaiduserorPaswdMsg(LoginPage.java:25)
at PageObjectTestNG.LoginPage.invlaiduserorPaswdMsg(LoginPage.java:25)
at PageObjectTestNG.LoginPage.invlaiduserorPaswdMsg(LoginPage.java:25)
at PageObjectTestNG.LoginPage.invlaiduserorPaswdMsg(LoginPage.java:25)
at PageObjectTestNG.LoginPage.invlaiduserorPaswdMsg(LoginPage.java:25)
at PageObjectTestNG.LoginPage.invlaiduserorPaswdMsg(LoginPage.java:25)
at PageObjectTestNG.LoginPage.invlaiduserorPaswdMsg(LoginPage.java:25)
at PageObjectTestNG.LoginPage.invlaiduserorPaswdMsg(LoginPage.java:25)
at PageObjectTestNG.LoginPage.invlaiduserorPaswdMsg(LoginPage.java:25)
at PageObjectTestNG.LoginPage.invlaiduserorPaswdMsg(LoginPage.java:25)
at PageObjectTestNG.LoginPage.invlaiduserorPaswdMsg(LoginPage.java:25)
at PageObjectTestNG.LoginPage.invlaiduserorPaswdMsg(LoginPage.java:25)
at PageObjectTestNG.LoginPage.invlaiduserorPaswdMsg(LoginPage.java:25)
at PageObjectTestNG.LoginPage.invlaiduserorPaswdMsg(LoginPage.java:25)
at PageObjectTestNG.LoginPage.invlaiduserorPaswdMsg(LoginPage.java:25)
at PageObjectTestNG.LoginPage.invlaiduserorPaswdMsg(LoginPage.java:25)
at PageObjectTestNG.LoginPage.invlaiduserorPaswdMsg(LoginPage.java:25)
at PageObjectTestNG.LoginPage.invlaiduserorPaswdMsg(LoginPage.java:25)
at PageObjectTestNG.LoginPage.invlaiduserorPaswdMsg(LoginPage.java:25)
at PageObjectTestNG.LoginPage.invlaiduserorPaswdMsg(LoginPage.java:25)
at PageObjectTestNG.LoginPage.invlaiduserorPaswdMsg(LoginPage.java:25)
at PageObjectTestNG.LoginPage.invlaiduserorPaswdMsg(LoginPage.java:25)
at PageObjectTestNG.LoginPage.invlaiduserorPaswdMsg(LoginPage.java:25)
at PageObjectTestNG.LoginPage.invlaiduserorPaswdMsg(LoginPage.java:25)
at PageObjectTestNG.LoginPage.invlaiduserorPaswdMsg(LoginPage.java:25)
at PageObjectTestNG.LoginPage.invlaiduserorPaswdMsg(LoginPage.java:25)
at PageObjectTestNG.LoginPage.invlaiduserorPaswdMsg(LoginPage.java:25)
at PageObjectTestNG.LoginPage.invlaiduserorPaswdMsg(LoginPage.java:25)
at PageObjectTestNG.LoginPage.invlaiduserorPaswdMsg(LoginPage.java:25)
at PageObjectTestNG.LoginPage.invlaiduserorPaswdMsg(LoginPage.java:25)
at PageObjectTestNG.LoginPage.invlaiduserorPaswdMsg(LoginPage.java:25)
at PageObjectTestNG.LoginPage.invlaiduserorPaswdMsg(LoginPage.java:25)
at PageObjectTestNG.LoginPage.invlaiduserorPaswdMsg(LoginPage.java:25)
at PageObjectTestNG.LoginPage.invlaiduserorPaswdMsg(LoginPage.java:25)
at PageObjectTestNG.LoginPage.invlaiduserorPaswdMsg(LoginPage.java:25)
at PageObjectTestNG.LoginPage.invlaiduserorPaswdMsg(LoginPage.java:25)
at PageObjectTestNG.LoginPage.invlaiduserorPaswdMsg(LoginPage.java:25)
at PageObjectTestNG.LoginPage.invlaiduserorPaswdMsg(LoginPage.java:25)
at PageObjectTestNG.LoginPage.invlaiduserorPaswdMsg(LoginPage.java:25)
at PageObjectTestNG.LoginPage.invlaiduserorPaswdMsg(LoginPage.java:25)
at PageObjectTestNG.LoginPage.invlaiduserorPaswdMsg(LoginPage.java:25)
at PageObjectTestNG.LoginPage.invlaiduserorPaswdMsg(LoginPage.java:25)
at PageObjectTestNG.LoginPage.invlaiduserorPaswdMsg(LoginPage.java:25)
at PageObjectTestNG.LoginPage.invlaiduserorPaswdMsg(LoginPage.java:25)
at PageObjectTestNG.LoginPage.invlaiduserorPaswdMsg(LoginPage.java:25)
at PageObjectTestNG.LoginPage.invlaiduserorPaswdMsg(LoginPage.java:25)
at PageObjectTestNG.LoginPage.invlaiduserorPaswdMsg(LoginPage.java:25)
at PageObjectTestNG.LoginPage.invlaiduserorPaswdMsg(LoginPage.java:25)
at PageObjectTestNG.LoginPage.invlaiduserorPaswdMsg(LoginPage.java:25)
at PageObjectTestNG.LoginPage.invlaiduserorPaswdMsg(LoginPage.java:25)
at PageObjectTestNG.LoginPage.invlaiduserorPaswdMsg(LoginPage.java:25)
at PageObjectTestNG.LoginPage.invlaiduserorPaswdMsg(LoginPage.java:25)
at PageObjectTestNG.LoginPage.invlaiduserorPaswdMsg(LoginPage.java:25)
at PageObjectTestNG.LoginPage.invlaiduserorPaswdMsg(LoginPage.java:25)
at PageObjectTestNG.LoginPage.invlaiduserorPaswdMsg(LoginPage.java:25)
at PageObjectTestNG.LoginPage.invlaiduserorPaswdMsg(LoginPage.java:25)
at PageObjectTestNG.LoginPage.invlaiduserorPaswdMsg(LoginPage.java:25)
at PageObjectTestNG.LoginPage.invlaiduserorPaswdMsg(LoginPage.java:25)
at PageObjectTestNG.LoginPage.invlaiduserorPaswdMsg(LoginPage.java:25)
at PageObjectTestNG.LoginPage.invlaiduserorPaswdMsg(LoginPage.java:25)
at PageObjectTestNG.LoginPage.invlaiduserorPaswdMsg(LoginPage.java:25)
at PageObjectTestNG.LoginPage.invlaiduserorPaswdMsg(LoginPage.java:25)
at PageObjectTestNG.LoginPage.invlaiduserorPaswdMsg(LoginPage.java:25)
at PageObjectTestNG.LoginPage.invlaiduserorPaswdMsg(LoginPage.java:25)
at PageObjectTestNG.LoginPage.invlaiduserorPaswdMsg(LoginPage.java:25)
at PageObjectTestNG.LoginPage.invlaiduserorPaswdMsg(LoginPage.java:25)
at PageObjectTestNG.LoginPage.invlaiduserorPaswdMsg(LoginPage.java:25)
at PageObjectTestNG.LoginPage.invlaiduserorPaswdMsg(LoginPage.java:25)
at PageObjectTestNG.LoginPage.invlaiduserorPaswdMsg(LoginPage.java:25)
at PageObjectTestNG.LoginPage.invlaiduserorPaswdMsg(LoginPage.java:25)
at PageObjectTestNG.LoginPage.invlaiduserorPaswdMsg(LoginPage.java:25)
at PageObjectTestNG.LoginPage.invlaiduserorPaswdMsg(LoginPage.java:25)
at PageObjectTestNG.LoginPage.invlaiduserorPaswdMsg(LoginPage.java:25)
at PageObjectTestNG.LoginPage.invlaiduserorPaswdMsg(LoginPage.java:25)
at PageObjectTestNG.LoginPage.invlaiduserorPaswdMsg(LoginPage.java:25)
at PageObjectTestNG.LoginPage.invlaiduserorPaswdMsg(LoginPage.java:25)
at PageObjectTestNG.LoginPage.invlaiduserorPaswdMsg(LoginPage.java:25)
at PageObjectTestNG.LoginPage.invlaiduserorPaswdMsg(LoginPage.java:25)
at PageObjectTestNG.LoginPage.invlaiduserorPaswdMsg(LoginPage.java:25)
at PageObjectTestNG.LoginPage.invlaiduserorPaswdMsg(LoginPage.java:25)
at PageObjectTestNG.LoginPage.invlaiduserorPaswdMsg(LoginPage.java:25)
at PageObjectTestNG.LoginPage.invlaiduserorPaswdMsg(LoginPage.java:25)
at PageObjectTestNG.LoginPage.invlaiduserorPaswdMsg(LoginPage.java:25)
at PageObjectTestNG.LoginPage.invlaiduserorPaswdMsg(LoginPage.java:25)
at PageObjectTestNG.LoginPage.invlaiduserorPaswdMsg(LoginPage.java:25)
at PageObjectTestNG.LoginPage.invlaiduserorPaswdMsg(LoginPage.java:25)
at PageObjectTestNG.LoginPage.invlaiduserorPaswdMsg(LoginPage.java:25)
at PageObjectTestNG.LoginPage.invlaiduserorPaswdMsg(LoginPage.java:25)
at PageObjectTestNG.LoginPage.invlaiduserorPaswdMsg(LoginPage.java:25)
at PageObjectTestNG.LoginPage.invlaiduserorPaswdMsg(LoginPage.java:25)
at PageObjectTestNG.LoginPage.invlaiduserorPaswdMsg(LoginPage.java:25)
at PageObjectTestNG.LoginPage.invlaiduserorPaswdMsg(LoginPage.java:25)
at PageObjectTestNG.LoginPage.invlaiduserorPaswdMsg(LoginPage.java:25)
at PageObjectTestNG.LoginPage.invlaiduserorPaswdMsg(LoginPage.java:25)
at PageObjectTestNG.LoginPage.invlaiduserorPaswdMsg(LoginPage.java:25)
at PageObjectTestNG.LoginPage.invlaiduserorPaswdMsg(LoginPage.java:25)
at PageObjectTestNG.LoginPage.invlaiduserorPaswdMsg(LoginPage.java:25)
at PageObjectTestNG.LoginPage.invlaiduserorPaswdMsg(LoginPage.java:25)
at PageObjectTestNG.LoginPage.invlaiduserorPaswdMsg(LoginPage.java:25)
at PageObjectTestNG.LoginPage.invlaiduserorPaswdMsg(LoginPage.java:25)
at PageObjectTestNG.LoginPage.invlaiduserorPaswdMsg(LoginPage.java:25)
at PageObjectTestNG.LoginPage.invlaiduserorPaswdMsg(LoginPage.java:25)
at PageObjectTestNG.LoginPage.invlaiduserorPaswdMsg(LoginPage.java:25)
at PageObjectTestNG.LoginPage.invlaiduserorPaswdMsg(LoginPage.java:25)
at PageObjectTestNG.LoginPage.invlaiduserorPaswdMsg(LoginPage.java:25)
at PageObjectTestNG.LoginPage.invlaiduserorPaswdMsg(LoginPage.java:25)
at PageObjectTestNG.LoginPage.invlaiduserorPaswdMsg(LoginPage.java:25)
at PageObjectTestNG.LoginPage.invlaiduserorPaswdMsg(LoginPage.java:25)
at PageObjectTestNG.LoginPage.invlaiduserorPaswdMsg(LoginPage.java:25)
at PageObjectTestNG.LoginPage.invlaiduserorPaswdMsg(LoginPage.java:25)
at PageObjectTestNG.LoginPage.invlaiduserorPaswdMsg(LoginPage.java:25)
at PageObjectTestNG.LoginPage.invlaiduserorPaswdMsg(LoginPage.java:25)
at PageObjectTestNG.LoginPage.invlaiduserorPaswdMsg(LoginPage.java:25)
at PageObjectTestNG.LoginPage.invlaiduserorPaswdMsg(LoginPage.java:25)
at PageObjectTestNG.LoginPage.invlaiduserorPaswdMsg(LoginPage.java:25)
at PageObjectTestNG.LoginPage.invlaiduserorPaswdMsg(LoginPage.java:25)
at PageObjectTestNG.LoginPage.invlaiduserorPaswdMsg(LoginPage.java:25)
at PageObjectTestNG.LoginPage.invlaiduserorPaswdMsg(LoginPage.java:25)
at PageObjectTestNG.LoginPage.invlaiduserorPaswdMsg(LoginPage.java:25)
at PageObjectTestNG.LoginPage.invlaiduserorPaswdMsg(LoginPage.java:25)
at PageObjectTestNG.LoginPage.invlaiduserorPaswdMsg(LoginPage.java:25)
at PageObjectTestNG.LoginPage.invlaiduserorPaswdMsg(LoginPage.java:25)
at PageObjectTestNG.LoginPage.invlaiduserorPaswdMsg(LoginPage.java:25)
at PageObjectTestNG.LoginPage.invlaiduserorPaswdMsg(LoginPage.java:25)
at PageObjectTestNG.LoginPage.invlaiduserorPaswdMsg(LoginPage.java:25)
at PageObjectTestNG.LoginPage.invlaiduserorPaswdMsg(LoginPage.java:25)
at PageObjectTestNG.LoginPage.invlaiduserorPaswdMsg(LoginPage.java:25)
at PageObjectTestNG.LoginPage.invlaiduserorPaswdMsg(LoginPage.java:25)
at PageObjectTestNG.LoginPage.invlaiduserorPaswdMsg(LoginPage.java:25)
at PageObjectTestNG.LoginPage.invlaiduserorPaswdMsg(LoginPage.java:25)
at PageObjectTestNG.LoginPage.invlaiduserorPaswdMsg(LoginPage.java:25)
at PageObjectTestNG.LoginPage.invlaiduserorPaswdMsg(LoginPage.java:25)
at PageObjectTestNG.LoginPage.invlaiduserorPaswdMsg(LoginPage.java:25)
at PageObjectTestNG.LoginPage.invlaiduserorPaswdMsg(LoginPage.java:25)
at PageObjectTestNG.LoginPage.invlaiduserorPaswdMsg(LoginPage.java:25)
at PageObjectTestNG.LoginPage.invlaiduserorPaswdMsg(LoginPage.java:25)
at PageObjectTestNG.LoginPage.invlaiduserorPaswdMsg(LoginPage.java:25)
at PageObjectTestNG.LoginPage.invlaiduserorPaswdMsg(LoginPage.java:25)
at PageObjectTestNG.LoginPage.invlaiduserorPaswdMsg(LoginPage.java:25)
at PageObjectTestNG.LoginPage.invlaiduserorPaswdMsg(LoginPage.java:25)
at PageObjectTestNG.LoginPage.invlaiduserorPaswdMsg(LoginPage.java:25)
at PageObjectTestNG.LoginPage.invlaiduserorPaswdMsg(LoginPage.java:25)
at PageObjectTestNG.LoginPage.invlaiduserorPaswdMsg(LoginPage.java:25)
at PageObjectTestNG.LoginPage.invlaiduserorPaswdMsg(LoginPage.java:25)
at PageObjectTestNG.LoginPage.invlaiduserorPaswdMsg(LoginPage.java:25)
at PageObjectTestNG.LoginPage.invlaiduserorPaswdMsg(LoginPage.java:25)
at PageObjectTestNG.LoginPage.invlaiduserorPaswdMsg(LoginPage.java:25)
at PageObjectTestNG.LoginPage.invlaiduserorPaswdMsg(LoginPage.java:25)
at PageObjectTestNG.LoginPage.invlaiduserorPaswdMsg(LoginPage.java:25)
at PageObjectTestNG.LoginPage.invlaiduserorPaswdMsg(LoginPage.java:25)
at PageObjectTestNG.LoginPage.invlaiduserorPaswdMsg(LoginPage.java:25)
at PageObjectTestNG.LoginPage.invlaiduserorPaswdMsg(LoginPage.java:25)
at PageObjectTestNG.LoginPage.invlaiduserorPaswdMsg(LoginPage.java:25)
at PageObjectTestNG.LoginPage.invlaiduserorPaswdMsg(LoginPage.java:25)
at PageObjectTestNG.LoginPage.invlaiduserorPaswdMsg(LoginPage.java:25)
at PageObjectTestNG.LoginPage.invlaiduserorPaswdMsg(LoginPage.java:25)
at PageObjectTestNG.LoginPage.invlaiduserorPaswdMsg(LoginPage.java:25)
at PageObjectTestNG.LoginPage.invlaiduserorPaswdMsg(LoginPage.java:25)
at PageObjectTestNG.LoginPage.invlaiduserorPaswdMsg(LoginPage.java:25)
at PageObjectTestNG.LoginPage.invlaiduserorPaswdMsg(LoginPage.java:25)
at PageObjectTestNG.LoginPage.invlaiduserorPaswdMsg(LoginPage.java:25)
at PageObjectTestNG.LoginPage.invlaiduserorPaswdMsg(LoginPage.java:25)
at PageObjectTestNG.LoginPage.invlaiduserorPaswdMsg(LoginPage.java:25)
at PageObjectTestNG.LoginPage.invlaiduserorPaswdMsg(LoginPage.java:25)
at PageObjectTestNG.LoginPage.invlaiduserorPaswdMsg(LoginPage.java:25)
at PageObjectTestNG.LoginPage.invlaiduserorPaswdMsg(LoginPage.java:25)
at PageObjectTestNG.LoginPage.invlaiduserorPaswdMsg(LoginPage.java:25)
at PageObjectTestNG.LoginPage.invlaiduserorPaswdMsg(LoginPage.java:25)
at PageObjectTestNG.LoginPage.invlaiduserorPaswdMsg(LoginPage.java:25)
at PageObjectTestNG.LoginPage.invlaiduserorPaswdMsg(LoginPage.java:25)
at PageObjectTestNG.LoginPage.invlaiduserorPaswdMsg(LoginPage.java:25)
at PageObjectTestNG.LoginPage.invlaiduserorPaswdMsg(LoginPage.java:25)
at PageObjectTestNG.LoginPage.invlaiduserorPaswdMsg(LoginPage.java:25)
at PageObjectTestNG.LoginPage.invlaiduserorPaswdMsg(LoginPage.java:25)
at PageObjectTestNG.LoginPage.invlaiduserorPaswdMsg(LoginPage.java:25)
at PageObjectTestNG.LoginPage.invlaiduserorPaswdMsg(LoginPage.java:25)
at PageObjectTestNG.LoginPage.invlaiduserorPaswdMsg(LoginPage.java:25)
at PageObjectTestNG.LoginPage.invlaiduserorPaswdMsg(LoginPage.java:25)
at PageObjectTestNG.LoginPage.invlaiduserorPaswdMsg(LoginPage.java:25)
at PageObjectTestNG.LoginPage.invlaiduserorPaswdMsg(LoginPage.java:25)
at PageObjectTestNG.LoginPage.invlaiduserorPaswdMsg(LoginPage.java:25)
at PageObjectTestNG.LoginPage.invlaiduserorPaswdMsg(LoginPage.java:25)
at PageObjectTestNG.LoginPage.invlaiduserorPaswdMsg(LoginPage.java:25)
at PageObjectTestNG.LoginPage.invlaiduserorPaswdMsg(LoginPage.java:25)
at PageObjectTestNG.LoginPage.invlaiduserorPaswdMsg(LoginPage.java:25)
at PageObjectTestNG.LoginPage.invlaiduserorPaswdMsg(LoginPage.java:25)
at PageObjectTestNG.LoginPage.invlaiduserorPaswdMsg(LoginPage.java:25)
at PageObjectTestNG.LoginPage.invlaiduserorPaswdMsg(LoginPage.java:25)
at PageObjectTestNG.LoginPage.invlaiduserorPaswdMsg(LoginPage.java:25)
at PageObjectTestNG.LoginPage.invlaiduserorPaswdMsg(LoginPage.java:25)
at PageObjectTestNG.LoginPage.invlaiduserorPaswdMsg(LoginPage.java:25)
at PageObjectTestNG.LoginPage.invlaiduserorPaswdMsg(LoginPage.java:25)
at PageObjectTestNG.LoginPage.invlaiduserorPaswdMsg(LoginPage.java:25)
at PageObjectTestNG.LoginPage.invlaiduserorPaswdMsg(LoginPage.java:25)
at PageObjectTestNG.LoginPage.invlaiduserorPaswdMsg(LoginPage.java:25)
at PageObjectTestNG.LoginPage.invlaiduserorPaswdMsg(LoginPage.java:25)
at PageObjectTestNG.LoginPage.invlaiduserorPaswdMsg(LoginPage.java:25)
at PageObjectTestNG.LoginPage.invlaiduserorPaswdMsg(LoginPage.java:25)
at PageObjectTestNG.LoginPage.invlaiduserorPaswdMsg(LoginPage.java:25)
at PageObjectTestNG.LoginPage.invlaiduserorPaswdMsg(LoginPage.java:25)
at PageObjectTestNG.LoginPage.invlaiduserorPaswdMsg(LoginPage.java:25)
at PageObjectTestNG.LoginPage.invlaiduserorPaswdMsg(LoginPage.java:25)
at PageObjectTestNG.LoginPage.invlaiduserorPaswdMsg(LoginPage.java:25)
at PageObjectTestNG.LoginPage.invlaiduserorPaswdMsg(LoginPage.java:25)
at PageObjectTestNG.LoginPage.invlaiduserorPaswdMsg(LoginPage.java:25)
at PageObjectTestNG.LoginPage.invlaiduserorPaswdMsg(LoginPage.java:25)
at PageObjectTestNG.LoginPage.invlaiduserorPaswdMsg(LoginPage.java:25)
at PageObjectTestNG.LoginPage.invlaiduserorPaswdMsg(LoginPage.java:25)
at PageObjectTestNG.LoginPage.invlaiduserorPaswdMsg(LoginPage.java:25)
at PageObjectTestNG.LoginPage.invlaiduserorPaswdMsg(LoginPage.java:25)
at PageObjectTestNG.LoginPage.invlaiduserorPaswdMsg(LoginPage.java:25)
at PageObjectTestNG.LoginPage.invlaiduserorPaswdMsg(LoginPage.java:25)
at PageObjectTestNG.LoginPage.invlaiduserorPaswdMsg(LoginPage.java:25)
at PageObjectTestNG.LoginPage.invlaiduserorPaswdMsg(LoginPage.java:25)
at PageObjectTestNG.LoginPage.invlaiduserorPaswdMsg(LoginPage.java:25)
at PageObjectTestNG.LoginPage.invlaiduserorPaswdMsg(LoginPage.java:25)
at PageObjectTestNG.LoginPage.invlaiduserorPaswdMsg(LoginPage.java:25)
at PageObjectTestNG.LoginPage.invlaiduserorPaswdMsg(LoginPage.java:25)
at PageObjectTestNG.LoginPage.invlaiduserorPaswdMsg(LoginPage.java:25)
at PageObjectTestNG.LoginPage.invlaiduserorPaswdMsg(LoginPage.java:25)
at PageObjectTestNG.LoginPage.invlaiduserorPaswdMsg(LoginPage.java:25)
at PageObjectTestNG.LoginPage.invlaiduserorPaswdMsg(LoginPage.java:25)
at PageObjectTestNG.LoginPage.invlaiduserorPaswdMsg(LoginPage.java:25)
at PageObjectTestNG.LoginPage.invlaiduserorPaswdMsg(LoginPage.java:25)
at PageObjectTestNG.LoginPage.invlaiduserorPaswdMsg(LoginPage.java:25)
at PageObjectTestNG.LoginPage.invlaiduserorPaswdMsg(LoginPage.java:25)
at PageObjectTestNG.LoginPage.invlaiduserorPaswdMsg(LoginPage.java:25)
at PageObjectTestNG.LoginPage.invlaiduserorPaswdMsg(LoginPage.java:25)
at PageObjectTestNG.LoginPage.invlaiduserorPaswdMsg(LoginPage.java:25)
at PageObjectTestNG.LoginPage.invlaiduserorPaswdMsg(LoginPage.java:25)
at PageObjectTestNG.LoginPage.invlaiduserorPaswdMsg(LoginPage.java:25)
at PageObjectTestNG.LoginPage.invlaiduserorPaswdMsg(LoginPage.java:25)
at PageObjectTestNG.LoginPage.invlaiduserorPaswdMsg(LoginPage.java:25)
at PageObjectTestNG.LoginPage.invlaiduserorPaswdMsg(LoginPage.java:25)
at PageObjectTestNG.LoginPage.invlaiduserorPaswdMsg(LoginPage.java:25)
at PageObjectTestNG.LoginPage.invlaiduserorPaswdMsg(LoginPage.java:25)
at PageObjectTestNG.LoginPage.invlaiduserorPaswdMsg(LoginPage.java:25)
at PageObjectTestNG.LoginPage.invlaiduserorPaswdMsg(LoginPage.java:25)
at PageObjectTestNG.LoginPage.invlaiduserorPaswdMsg(LoginPage.java:25)
at PageObjectTestNG.LoginPage.invlaiduserorPaswdMsg(LoginPage.java:25)
at PageObjectTestNG.LoginPage.invlaiduserorPaswdMsg(LoginPage.java:25)
at PageObjectTestNG.LoginPage.invlaiduserorPaswdMsg(LoginPage.java:25)
at PageObjectTestNG.LoginPage.invlaiduserorPaswdMsg(LoginPage.java:25)
at PageObjectTestNG.LoginPage.invlaiduserorPaswdMsg(LoginPage.java:25)
at PageObjectTestNG.LoginPage.invlaiduserorPaswdMsg(LoginPage.java:25)
at PageObjectTestNG.LoginPage.invlaiduserorPaswdMsg(LoginPage.java:25)
at PageObjectTestNG.LoginPage.invlaiduserorPaswdMsg(LoginPage.java:25)
at PageObjectTestNG.LoginPage.invlaiduserorPaswdMsg(LoginPage.java:25)
at PageObjectTestNG.LoginPage.invlaiduserorPaswdMsg(LoginPage.java:25)
at PageObjectTestNG.LoginPage.invlaiduserorPaswdMsg(LoginPage.java:25)
at PageObjectTestNG.LoginPage.invlaiduserorPaswdMsg(LoginPage.java:25)
at PageObjectTestNG.LoginPage.invlaiduserorPaswdMsg(LoginPage.java:25)
at PageObjectTestNG.LoginPage.invlaiduserorPaswdMsg(LoginPage.java:25)
at PageObjectTestNG.LoginPage.invlaiduserorPaswdMsg(LoginPage.java:25)
at PageObjectTestNG.LoginPage.invlaiduserorPaswdMsg(LoginPage.java:25)
at PageObjectTestNG.LoginPage.invlaiduserorPaswdMsg(LoginPage.java:25)
at PageObjectTestNG.LoginPage.invlaiduserorPaswdMsg(LoginPage.java:25)
at PageObjectTestNG.LoginPage.invlaiduserorPaswdMsg(LoginPage.java:25)
at PageObjectTestNG.LoginPage.invlaiduserorPaswdMsg(LoginPage.java:25)
at PageObjectTestNG.LoginPage.invlaiduserorPaswdMsg(LoginPage.java:25)
at PageObjectTestNG.LoginPage.invlaiduserorPaswdMsg(LoginPage.java:25)
at PageObjectTestNG.LoginPage.invlaiduserorPaswdMsg(LoginPage.java:25)
at PageObjectTestNG.LoginPage.invlaiduserorPaswdMsg(LoginPage.java:25)
at PageObjectTestNG.LoginPage.invlaiduserorPaswdMsg(LoginPage.java:25)
at PageObjectTestNG.LoginPage.invlaiduserorPaswdMsg(LoginPage.java:25)
at PageObjectTestNG.LoginPage.invlaiduserorPaswdMsg(LoginPage.java:25)
at PageObjectTestNG.LoginPage.invlaiduserorPaswdMsg(LoginPage.java:25)
at PageObjectTestNG.LoginPage.invlaiduserorPaswdMsg(LoginPage.java:25)
at PageObjectTestNG.LoginPage.invlaiduserorPaswdMsg(LoginPage.java:25)
at PageObjectTestNG.LoginPage.invlaiduserorPaswdMsg(LoginPage.java:25)
at PageObjectTestNG.LoginPage.invlaiduserorPaswdMsg(LoginPage.java:25)
at PageObjectTestNG.LoginPage.invlaiduserorPaswdMsg(LoginPage.java:25)
at PageObjectTestNG.LoginPage.invlaiduserorPaswdMsg(LoginPage.java:25)
at PageObjectTestNG.LoginPage.invlaiduserorPaswdMsg(LoginPage.java:25)
at PageObjectTestNG.LoginPage.invlaiduserorPaswdMsg(LoginPage.java:25)
at PageObjectTestNG.LoginPage.invlaiduserorPaswdMsg(LoginPage.java:25)
at PageObjectTestNG.LoginPage.invlaiduserorPaswdMsg(LoginPage.java:25)
at PageObjectTestNG.LoginPage.invlaiduserorPaswdMsg(LoginPage.java:25)
at PageObjectTestNG.LoginPage.invlaiduserorPaswdMsg(LoginPage.java:25)
at PageObjectTestNG.LoginPage.invlaiduserorPaswdMsg(LoginPage.java:25)
at PageObjectTestNG.LoginPage.invlaiduserorPaswdMsg(LoginPage.java:25)
at PageObjectTestNG.LoginPage.invlaiduserorPaswdMsg(LoginPage.java:25)
at PageObjectTestNG.LoginPage.invlaiduserorPaswdMsg(LoginPage.java:25)
at PageObjectTestNG.LoginPage.invlaiduserorPaswdMsg(LoginPage.java:25)
at PageObjectTestNG.LoginPage.invlaiduserorPaswdMsg(LoginPage.java:25)
at PageObjectTestNG.LoginPage.invlaiduserorPaswdMsg(LoginPage.java:25)
at PageObjectTestNG.LoginPage.invlaiduserorPaswdMsg(LoginPage.java:25)
at PageObjectTestNG.LoginPage.invlaiduserorPaswdMsg(LoginPage.java:25)
at PageObjectTestNG.LoginPage.invlaiduserorPaswdMsg(LoginPage.java:25)
at PageObjectTestNG.LoginPage.invlaiduserorPaswdMsg(LoginPage.java:25)
at PageObjectTestNG.LoginPage.invlaiduserorPaswdMsg(LoginPage.java:25)
at PageObjectTestNG.LoginPage.invlaiduserorPaswdMsg(LoginPage.java:25)
at PageObjectTestNG.LoginPage.invlaiduserorPaswdMsg(LoginPage.java:25)
at PageObjectTestNG.LoginPage.invlaiduserorPaswdMsg(LoginPage.java:25)
at PageObjectTestNG.LoginPage.invlaiduserorPaswdMsg(LoginPage.java:25)
at PageObjectTestNG.LoginPage.invlaiduserorPaswdMsg(LoginPage.java:25)
at PageObjectTestNG.LoginPage.invlaiduserorPaswdMsg(LoginPage.java:25)
at PageObjectTestNG.LoginPage.invlaiduserorPaswdMsg(LoginPage.java:25)
at PageObjectTestNG.LoginPage.invlaiduserorPaswdMsg(LoginPage.java:25)
at PageObjectTestNG.LoginPage.invlaiduserorPaswdMsg(LoginPage.java:25)
at PageObjectTestNG.LoginPage.invlaiduserorPaswdMsg(LoginPage.java:25)
at PageObjectTestNG.LoginPage.invlaiduserorPaswdMsg(LoginPage.java:25)
at PageObjectTestNG.LoginPage.invlaiduserorPaswdMsg(LoginPage.java:25)
at PageObjectTestNG.LoginPage.invlaiduserorPaswdMsg(LoginPage.java:25)
at PageObjectTestNG.LoginPage.invlaiduserorPaswdMsg(LoginPage.java:25)
at PageObjectTestNG.LoginPage.invlaiduserorPaswdMsg(LoginPage.java:25)
at PageObjectTestNG.LoginPage.invlaiduserorPaswdMsg(LoginPage.java:25)
at PageObjectTestNG.LoginPage.invlaiduserorPaswdMsg(LoginPage.java:25)
at PageObjectTestNG.LoginPage.invlaiduserorPaswdMsg(LoginPage.java:25)
at PageObjectTestNG.LoginPage.invlaiduserorPaswdMsg(LoginPage.java:25)
at PageObjectTestNG.LoginPage.invlaiduserorPaswdMsg(LoginPage.java:25)
at PageObjectTestNG.LoginPage.invlaiduserorPaswdMsg(LoginPage.java:25)
at PageObjectTestNG.LoginPage.invlaiduserorPaswdMsg(LoginPage.java:25)
at PageObjectTestNG.LoginPage.invlaiduserorPaswdMsg(LoginPage.java:25)
at PageObjectTestNG.LoginPage.invlaiduserorPaswdMsg(LoginPage.java:25)
at PageObjectTestNG.LoginPage.invlaiduserorPaswdMsg(LoginPage.java:25)
at PageObjectTestNG.LoginPage.invlaiduserorPaswdMsg(LoginPage.java:25)
at PageObjectTestNG.LoginPage.invlaiduserorPaswdMsg(LoginPage.java:25)
at PageObjectTestNG.LoginPage.invlaiduserorPaswdMsg(LoginPage.java:25)
at PageObjectTestNG.LoginPage.invlaiduserorPaswdMsg(LoginPage.java:25)
at PageObjectTestNG.LoginPage.invlaiduserorPaswdMsg(LoginPage.java:25)
at PageObjectTestNG.LoginPage.invlaiduserorPaswdMsg(LoginPage.java:25)
at PageObjectTestNG.LoginPage.invlaiduserorPaswdMsg(LoginPage.java:25)
at PageObjectTestNG.LoginPage.invlaiduserorPaswdMsg(LoginPage.java:25)
at PageObjectTestNG.LoginPage.invlaiduserorPaswdMsg(LoginPage.java:25)
at PageObjectTestNG.LoginPage.invlaiduserorPaswdMsg(LoginPage.java:25)
at PageObjectTestNG.LoginPage.invlaiduserorPaswdMsg(LoginPage.java:25)
at PageObjectTestNG.LoginPage.invlaiduserorPaswdMsg(LoginPage.java:25)
at PageObjectTestNG.LoginPage.invlaiduserorPaswdMsg(LoginPage.java:25)
at PageObjectTestNG.LoginPage.invlaiduserorPaswdMsg(LoginPage.java:25)
at PageObjectTestNG.LoginPage.invlaiduserorPaswdMsg(LoginPage.java:25)
at PageObjectTestNG.LoginPage.invlaiduserorPaswdMsg(LoginPage.java:25)
at PageObjectTestNG.LoginPage.invlaiduserorPaswdMsg(LoginPage.java:25)
at PageObjectTestNG.LoginPage.invlaiduserorPaswdMsg(LoginPage.java:25)
at PageObjectTestNG.LoginPage.invlaiduserorPaswdMsg(LoginPage.java:25)
at PageObjectTestNG.LoginPage.invlaiduserorPaswdMsg(LoginPage.java:25)
at PageObjectTestNG.LoginPage.invlaiduserorPaswdMsg(LoginPage.java:25)
at PageObjectTestNG.LoginPage.invlaiduserorPaswdMsg(LoginPage.java:25)
at PageObjectTestNG.LoginPage.invlaiduserorPaswdMsg(LoginPage.java:25)
at PageObjectTestNG.LoginPage.invlaiduserorPaswdMsg(LoginPage.java:25)
at PageObjectTestNG.LoginPage.invlaiduserorPaswdMsg(LoginPage.java:25)
at PageObjectTestNG.LoginPage.invlaiduserorPaswdMsg(LoginPage.java:25)
at PageObjectTestNG.LoginPage.invlaiduserorPaswdMsg(LoginPage.java:25)
at PageObjectTestNG.LoginPage.invlaiduserorPaswdMsg(LoginPage.java:25)
at PageObjectTestNG.LoginPage.invlaiduserorPaswdMsg(LoginPage.java:25)
at PageObjectTestNG.LoginPage.invlaiduserorPaswdMsg(LoginPage.java:25)
at PageObjectTestNG.LoginPage.invlaiduserorPaswdMsg(LoginPage.java:25)
at PageObjectTestNG.LoginPage.invlaiduserorPaswdMsg(LoginPage.java:25)
at PageObjectTestNG.LoginPage.invlaiduserorPaswdMsg(LoginPage.java:25)
at PageObjectTestNG.LoginPage.invlaiduserorPaswdMsg(LoginPage.java:25)
at PageObjectTestNG.LoginPage.invlaiduserorPaswdMsg(LoginPage.java:25)
at PageObjectTestNG.LoginPage.invlaiduserorPaswdMsg(LoginPage.java:25)
at PageObjectTestNG.LoginPage.invlaiduserorPaswdMsg(LoginPage.java:25)
at PageObjectTestNG.LoginPage.invlaiduserorPaswdMsg(LoginPage.java:25)
at PageObjectTestNG.LoginPage.invlaiduserorPaswdMsg(LoginPage.java:25)
at PageObjectTestNG.LoginPage.invlaiduserorPaswdMsg(LoginPage.java:25)
at PageObjectTestNG.LoginPage.invlaiduserorPaswdMsg(LoginPage.java:25)
at PageObjectTestNG.LoginPage.invlaiduserorPaswdMsg(LoginPage.java:25)
at PageObjectTestNG.LoginPage.invlaiduserorPaswdMsg(LoginPage.java:25)
at PageObjectTestNG.LoginPage.invlaiduserorPaswdMsg(LoginPage.java:25)
at PageObjectTestNG.LoginPage.invlaiduserorPaswdMsg(LoginPage.java:25)
at PageObjectTestNG.LoginPage.invlaiduserorPaswdMsg(LoginPage.java:25)
at PageObjectTestNG.LoginPage.invlaiduserorPaswdMsg(LoginPage.java:25)
at PageObjectTestNG.LoginPage.invlaiduserorPaswdMsg(LoginPage.java:25)
at PageObjectTestNG.LoginPage.invlaiduserorPaswdMsg(LoginPage.java:25)
at PageObjectTestNG.LoginPage.invlaiduserorPaswdMsg(LoginPage.java:25)
at PageObjectTestNG.LoginPage.invlaiduserorPaswdMsg(LoginPage.java:25)
at PageObjectTestNG.LoginPage.invlaiduserorPaswdMsg(LoginPage.java:25)
at PageObjectTestNG.LoginPage.invlaiduserorPaswdMsg(LoginPage.java:25)
at PageObjectTestNG.LoginPage.invlaiduserorPaswdMsg(LoginPage.java:25)
at PageObjectTestNG.LoginPage.invlaiduserorPaswdMsg(LoginPage.java:25)
at PageObjectTestNG.LoginPage.invlaiduserorPaswdMsg(LoginPage.java:25)
at PageObjectTestNG.LoginPage.invlaiduserorPaswdMsg(LoginPage.java:25)
at PageObjectTestNG.LoginPage.invlaiduserorPaswdMsg(LoginPage.java:25)
at PageObjectTestNG.LoginPage.invlaiduserorPaswdMsg(LoginPage.java:25)
at PageObjectTestNG.LoginPage.invlaiduserorPaswdMsg(LoginPage.java:25)
at PageObjectTestNG.LoginPage.invlaiduserorPaswdMsg(LoginPage.java:25)
at PageObjectTestNG.LoginPage.invlaiduserorPaswdMsg(LoginPage.java:25)
at PageObjectTestNG.LoginPage.invlaiduserorPaswdMsg(LoginPage.java:25)
at PageObjectTestNG.LoginPage.invlaiduserorPaswdMsg(LoginPage.java:25)
at PageObjectTestNG.LoginPage.invlaiduserorPaswdMsg(LoginPage.java:25)
at PageObjectTestNG.LoginPage.invlaiduserorPaswdMsg(LoginPage.java:25)
at PageObjectTestNG.LoginPage.invlaiduserorPaswdMsg(LoginPage.java:25)
at PageObjectTestNG.LoginPage.invlaiduserorPaswdMsg(LoginPage.java:25)
at PageObjectTestNG.LoginPage.invlaiduserorPaswdMsg(LoginPage.java:25)
at PageObjectTestNG.LoginPage.invlaiduserorPaswdMsg(LoginPage.java:25)
at PageObjectTestNG.LoginPage.invlaiduserorPaswdMsg(LoginPage.java:25)
at PageObjectTestNG.LoginPage.invlaiduserorPaswdMsg(LoginPage.java:25)
at PageObjectTestNG.LoginPage.invlaiduserorPaswdMsg(LoginPage.java:25)
at PageObjectTestNG.LoginPage.invlaiduserorPaswdMsg(LoginPage.java:25)
at PageObjectTestNG.LoginPage.invlaiduserorPaswdMsg(LoginPage.java:25)
at PageObjectTestNG.LoginPage.invlaiduserorPaswdMsg(LoginPage.java:25)
at PageObjectTestNG.LoginPage.invlaiduserorPaswdMsg(LoginPage.java:25)
at PageObjectTestNG.LoginPage.invlaiduserorPaswdMsg(LoginPage.java:25)
at PageObjectTestNG.LoginPage.invlaiduserorPaswdMsg(LoginPage.java:25)
at PageObjectTestNG.LoginPage.invlaiduserorPaswdMsg(LoginPage.java:25)
at PageObjectTestNG.LoginPage.invlaiduserorPaswdMsg(LoginPage.java:25)
at PageObjectTestNG.LoginPage.invlaiduserorPaswdMsg(LoginPage.java:25)
at PageObjectTestNG.LoginPage.invlaiduserorPaswdMsg(LoginPage.java:25)
at PageObjectTestNG.LoginPage.invlaiduserorPaswdMsg(LoginPage.java:25)
at PageObjectTestNG.LoginPage.invlaiduserorPaswdMsg(LoginPage.java:25)
at PageObjectTestNG.LoginPage.invlaiduserorPaswdMsg(LoginPage.java:25)
at PageObjectTestNG.LoginPage.invlaiduserorPaswdMsg(LoginPage.java:25)
at PageObjectTestNG.LoginPage.invlaiduserorPaswdMsg(LoginPage.java:25)
at PageObjectTestNG.LoginPage.invlaiduserorPaswdMsg(LoginPage.java:25)
at PageObjectTestNG.LoginPage.invlaiduserorPaswdMsg(LoginPage.java:25)
at PageObjectTestNG.LoginPage.invlaiduserorPaswdMsg(LoginPage.java:25)
at PageObjectTestNG.LoginPage.invlaiduserorPaswdMsg(LoginPage.java:25)
at PageObjectTestNG.LoginPage.invlaiduserorPaswdMsg(LoginPage.java:25)
at PageObjectTestNG.LoginPage.invlaiduserorPaswdMsg(LoginPage.java:25)
at PageObjectTestNG.LoginPage.invlaiduserorPaswdMsg(LoginPage.java:25)
at PageObjectTestNG.LoginPage.invlaiduserorPaswdMsg(LoginPage.java:25)
at PageObjectTestNG.LoginPage.invlaiduserorPaswdMsg(LoginPage.java:25)
at PageObjectTestNG.LoginPage.invlaiduserorPaswdMsg(LoginPage.java:25)
at PageObjectTestNG.LoginPage.invlaiduserorPaswdMsg(LoginPage.java:25)
at PageObjectTestNG.LoginPage.invlaiduserorPaswdMsg(LoginPage.java:25)
at PageObjectTestNG.LoginPage.invlaiduserorPaswdMsg(LoginPage.java:25)
at PageObjectTestNG.LoginPage.invlaiduserorPaswdMsg(LoginPage.java:25)
at PageObjectTestNG.LoginPage.invlaiduserorPaswdMsg(LoginPage.java:25)
at PageObjectTestNG.LoginPage.invlaiduserorPaswdMsg(LoginPage.java:25)
at PageObjectTestNG.LoginPage.invlaiduserorPaswdMsg(LoginPage.java:25)
at PageObjectTestNG.LoginPage.invlaiduserorPaswdMsg(LoginPage.java:25)
at PageObjectTestNG.LoginPage.invlaiduserorPaswdMsg(LoginPage.java:25)
at PageObjectTestNG.LoginPage.invlaiduserorPaswdMsg(LoginPage.java:25)
at PageObjectTestNG.LoginPage.invlaiduserorPaswdMsg(LoginPage.java:25)
at PageObjectTestNG.LoginPage.invlaiduserorPaswdMsg(LoginPage.java:25)
at PageObjectTestNG.LoginPage.invlaiduserorPaswdMsg(LoginPage.java:25)
at PageObjectTestNG.LoginPage.invlaiduserorPaswdMsg(LoginPage.java:25)
at PageObjectTestNG.LoginPage.invlaiduserorPaswdMsg(LoginPage.java:25)
at PageObjectTestNG.LoginPage.invlaiduserorPaswdMsg(LoginPage.java:25)
at PageObjectTestNG.LoginPage.invlaiduserorPaswdMsg(LoginPage.java:25)
at PageObjectTestNG.LoginPage.invlaiduserorPaswdMsg(LoginPage.java:25)
at PageObjectTestNG.LoginPage.invlaiduserorPaswdMsg(LoginPage.java:25)
at PageObjectTestNG.LoginPage.invlaiduserorPaswdMsg(LoginPage.java:25)
at PageObjectTestNG.LoginPage.invlaiduserorPaswdMsg(LoginPage.java:25)
at PageObjectTestNG.LoginPage.invlaiduserorPaswdMsg(LoginPage.java:25)
at PageObjectTestNG.LoginPage.invlaiduserorPaswdMsg(LoginPage.java:25)
at PageObjectTestNG.LoginPage.invlaiduserorPaswdMsg(LoginPage.java:25)
at PageObjectTestNG.LoginPage.invlaiduserorPaswdMsg(LoginPage.java:25)
at PageObjectTestNG.LoginPage.invlaiduserorPaswdMsg(LoginPage.java:25)
at PageObjectTestNG.LoginPage.invlaiduserorPaswdMsg(LoginPage.java:25)
at PageObjectTestNG.LoginPage.invlaiduserorPaswdMsg(LoginPage.java:25)
at PageObjectTestNG.LoginPage.invlaiduserorPaswdMsg(LoginPage.java:25)
at PageObjectTestNG.LoginPage.invlaiduserorPaswdMsg(LoginPage.java:25)
at PageObjectTestNG.LoginPage.invlaiduserorPaswdMsg(LoginPage.java:25)
at PageObjectTestNG.LoginPage.invlaiduserorPaswdMsg(LoginPage.java:25)
at PageObjectTestNG.LoginPage.invlaiduserorPaswdMsg(LoginPage.java:25)
at PageObjectTestNG.LoginPage.invlaiduserorPaswdMsg(LoginPage.java:25)
at PageObjectTestNG.LoginPage.invlaiduserorPaswdMsg(LoginPage.java:25)
at PageObjectTestNG.LoginPage.invlaiduserorPaswdMsg(LoginPage.java:25)
at PageObjectTestNG.LoginPage.invlaiduserorPaswdMsg(LoginPage.java:25)
at PageObjectTestNG.LoginPage.invlaiduserorPaswdMsg(LoginPage.java:25)
at PageObjectTestNG.LoginPage.invlaiduserorPaswdMsg(LoginPage.java:25)
at PageObjectTestNG.LoginPage.invlaiduserorPaswdMsg(LoginPage.java:25)
at PageObjectTestNG.LoginPage.invlaiduserorPaswdMsg(LoginPage.java:25)
at PageObjectTestNG.LoginPage.invlaiduserorPaswdMsg(LoginPage.java:25)
at PageObjectTestNG.LoginPage.invlaiduserorPaswdMsg(LoginPage.java:25)
at PageObjectTestNG.LoginPage.invlaiduserorPaswdMsg(LoginPage.java:25)
at PageObjectTestNG.LoginPage.invlaiduserorPaswdMsg(LoginPage.java:25)
at PageObjectTestNG.LoginPage.invlaiduserorPaswdMsg(LoginPage.java:25)
at PageObjectTestNG.LoginPage.invlaiduserorPaswdMsg(LoginPage.java:25)
at PageObjectTestNG.LoginPage.invlaiduserorPaswdMsg(LoginPage.java:25)
at PageObjectTestNG.LoginPage.invlaiduserorPaswdMsg(LoginPage.java:25)
at PageObjectTestNG.LoginPage.invlaiduserorPaswdMsg(LoginPage.java:25)
at PageObjectTestNG.LoginPage.invlaiduserorPaswdMsg(LoginPage.java:25)
at PageObjectTestNG.LoginPage.invlaiduserorPaswdMsg(LoginPage.java:25)
at PageObjectTestNG.LoginPage.invlaiduserorPaswdMsg(LoginPage.java:25)
at PageObjectTestNG.LoginPage.invlaiduserorPaswdMsg(LoginPage.java:25)
at PageObjectTestNG.LoginPage.invlaiduserorPaswdMsg(LoginPage.java:25)
at PageObjectTestNG.LoginPage.invlaiduserorPaswdMsg(LoginPage.java:25)
at PageObjectTestNG.LoginPage.invlaiduserorPaswdMsg(LoginPage.java:25)
at PageObjectTestNG.LoginPage.invlaiduserorPaswdMsg(LoginPage.java:25)
at PageObjectTestNG.LoginPage.invlaiduserorPaswdMsg(LoginPage.java:25)
at PageObjectTestNG.LoginPage.invlaiduserorPaswdMsg(LoginPage.java:25)
at PageObjectTestNG.LoginPage.invlaiduserorPaswdMsg(LoginPage.java:25)
at PageObjectTestNG.LoginPage.invlaiduserorPaswdMsg(LoginPage.java:25)
at PageObjectTestNG.LoginPage.invlaiduserorPaswdMsg(LoginPage.java:25)
at PageObjectTestNG.LoginPage.invlaiduserorPaswdMsg(LoginPage.java:25)
at PageObjectTestNG.LoginPage.invlaiduserorPaswdMsg(LoginPage.java:25)
at PageObjectTestNG.LoginPage.invlaiduserorPaswdMsg(LoginPage.java:25)
at PageObjectTestNG.LoginPage.invlaiduserorPaswdMsg(LoginPage.java:25)
at PageObjectTestNG.LoginPage.invlaiduserorPaswdMsg(LoginPage.java:25)
at PageObjectTestNG.LoginPage.invlaiduserorPaswdMsg(LoginPage.java:25)
at PageObjectTestNG.LoginPage.invlaiduserorPaswdMsg(LoginPage.java:25)
at PageObjectTestNG.LoginPage.invlaiduserorPaswdMsg(LoginPage.java:25)
at PageObjectTestNG.LoginPage.invlaiduserorPaswdMsg(LoginPage.java:25)
at PageObjectTestNG.LoginPage.invlaiduserorPaswdMsg(LoginPage.java:25)
at PageObjectTestNG.LoginPage.invlaiduserorPaswdMsg(LoginPage.java:25)
at PageObjectTestNG.LoginPage.invlaiduserorPaswdMsg(LoginPage.java:25)
at PageObjectTestNG.LoginPage.invlaiduserorPaswdMsg(LoginPage.java:25)
at PageObjectTestNG.LoginPage.invlaiduserorPaswdMsg(LoginPage.java:25)
at PageObjectTestNG.LoginPage.invlaiduserorPaswdMsg(LoginPage.java:25)
at PageObjectTestNG.LoginPage.invlaiduserorPaswdMsg(LoginPage.java:25)
at PageObjectTestNG.LoginPage.invlaiduserorPaswdMsg(LoginPage.java:25)
at PageObjectTestNG.LoginPage.invlaiduserorPaswdMsg(LoginPage.java:25)
at PageObjectTestNG.LoginPage.invlaiduserorPaswdMsg(LoginPage.java:25)
at PageObjectTestNG.LoginPage.invlaiduserorPaswdMsg(LoginPage.java:25)
at PageObjectTestNG.LoginPage.invlaiduserorPaswdMsg(LoginPage.java:25)
at PageObjectTestNG.LoginPage.invlaiduserorPaswdMsg(LoginPage.java:25)
at PageObjectTestNG.LoginPage.invlaiduserorPaswdMsg(LoginPage.java:25)
at PageObjectTestNG.LoginPage.invlaiduserorPaswdMsg(LoginPage.java:25)
at PageObjectTestNG.LoginPage.invlaiduserorPaswdMsg(LoginPage.java:25)
at PageObjectTestNG.LoginPage.invlaiduserorPaswdMsg(LoginPage.java:25)
at PageObjectTestNG.LoginPage.invlaiduserorPaswdMsg(LoginPage.java:25)
at PageObjectTestNG.LoginPage.invlaiduserorPaswdMsg(LoginPage.java:25)
at PageObjectTestNG.LoginPage.invlaiduserorPaswdMsg(LoginPage.java:25)
at PageObjectTestNG.LoginPage.invlaiduserorPaswdMsg(LoginPage.java:25)
at PageObjectTestNG.LoginPage.invlaiduserorPaswdMsg(LoginPage.java:25)
at PageObjectTestNG.LoginPage.invlaiduserorPaswdMsg(LoginPage.java:25)
at PageObjectTestNG.LoginPage.invlaiduserorPaswdMsg(LoginPage.java:25)
at PageObjectTestNG.LoginPage.invlaiduserorPaswdMsg(LoginPage.java:25)
at PageObjectTestNG.LoginPage.invlaiduserorPaswdMsg(LoginPage.java:25)
at PageObjectTestNG.LoginPage.invlaiduserorPaswdMsg(LoginPage.java:25)
at PageObjectTestNG.LoginPage.invlaiduserorPaswdMsg(LoginPage.java:25)
at PageObjectTestNG.LoginPage.invlaiduserorPaswdMsg(LoginPage.java:25)
at PageObjectTestNG.LoginPage.invlaiduserorPaswdMsg(LoginPage.java:25)
at PageObjectTestNG.LoginPage.invlaiduserorPaswdMsg(LoginPage.java:25)
at PageObjectTestNG.LoginPage.invlaiduserorPaswdMsg(LoginPage.java:25)
at PageObjectTestNG.LoginPage.invlaiduserorPaswdMsg(LoginPage.java:25)
at PageObjectTestNG.LoginPage.invlaiduserorPaswdMsg(LoginPage.java:25)
at PageObjectTestNG.LoginPage.invlaiduserorPaswdMsg(LoginPage.java:25)
at PageObjectTestNG.LoginPage.invlaiduserorPaswdMsg(LoginPage.java:25)
at PageObjectTestNG.LoginPage.invlaiduserorPaswdMsg(LoginPage.java:25)
at PageObjectTestNG.LoginPage.invlaiduserorPaswdMsg(LoginPage.java:25)
at PageObjectTestNG.LoginPage.invlaiduserorPaswdMsg(LoginPage.java:25)
at PageObjectTestNG.LoginPage.invlaiduserorPaswdMsg(LoginPage.java:25)
at PageObjectTestNG.LoginPage.invlaiduserorPaswdMsg(LoginPage.java:25)
at PageObjectTestNG.LoginPage.invlaiduserorPaswdMsg(LoginPage.java:25)
at PageObjectTestNG.LoginPage.invlaiduserorPaswdMsg(LoginPage.java:25)
at PageObjectTestNG.LoginPage.invlaiduserorPaswdMsg(LoginPage.java:25)
at PageObjectTestNG.LoginPage.invlaiduserorPaswdMsg(LoginPage.java:25)
at PageObjectTestNG.LoginPage.invlaiduserorPaswdMsg(LoginPage.java:25)
at PageObjectTestNG.LoginPage.invlaiduserorPaswdMsg(LoginPage.java:25)
at PageObjectTestNG.LoginPage.invlaiduserorPaswdMsg(LoginPage.java:25)
at PageObjectTestNG.LoginPage.invlaiduserorPaswdMsg(LoginPage.java:25)
at PageObjectTestNG.LoginPage.invlaiduserorPaswdMsg(LoginPage.java:25)
at PageObjectTestNG.LoginPage.invlaiduserorPaswdMsg(LoginPage.java:25)
at PageObjectTestNG.LoginPage.invlaiduserorPaswdMsg(LoginPage.java:25)
at PageObjectTestNG.LoginPage.invlaiduserorPaswdMsg(LoginPage.java:25)
at PageObjectTestNG.LoginPage.invlaiduserorPaswdMsg(LoginPage.java:25)
at PageObjectTestNG.LoginPage.invlaiduserorPaswdMsg(LoginPage.java:25)
at PageObjectTestNG.LoginPage.invlaiduserorPaswdMsg(LoginPage.java:25)
at PageObjectTestNG.LoginPage.invlaiduserorPaswdMsg(LoginPage.java:25)
at PageObjectTestNG.LoginPage.invlaiduserorPaswdMsg(LoginPage.java:25)
at PageObjectTestNG.LoginPage.invlaiduserorPaswdMsg(LoginPage.java:25)
at PageObjectTestNG.LoginPage.invlaiduserorPaswdMsg(LoginPage.java:25)
at PageObjectTestNG.LoginPage.invlaiduserorPaswdMsg(LoginPage.java:25)
at PageObjectTestNG.LoginPage.invlaiduserorPaswdMsg(LoginPage.java:25)
at PageObjectTestNG.LoginPage.invlaiduserorPaswdMsg(LoginPage.java:25)
at PageObjectTestNG.LoginPage.invlaiduserorPaswdMsg(LoginPage.java:25)
at PageObjectTestNG.LoginPage.invlaiduserorPaswdMsg(LoginPage.java:25)
at PageObjectTestNG.LoginPage.invlaiduserorPaswdMsg(LoginPage.java:25)
at PageObjectTestNG.LoginPage.invlaiduserorPaswdMsg(LoginPage.java:25)
at PageObjectTestNG.LoginPage.invlaiduserorPaswdMsg(LoginPage.java:25)
at PageObjectTestNG.LoginPage.invlaiduserorPaswdMsg(LoginPage.java:25)
at PageObjectTestNG.LoginPage.invlaiduserorPaswdMsg(LoginPage.java:25)
at PageObjectTestNG.LoginPage.invlaiduserorPaswdMsg(LoginPage.java:25)
at PageObjectTestNG.LoginPage.invlaiduserorPaswdMsg(LoginPage.java:25)
at PageObjectTestNG.LoginPage.invlaiduserorPaswdMsg(LoginPage.java:25)
at PageObjectTestNG.LoginPage.invlaiduserorPaswdMsg(LoginPage.java:25)
at PageObjectTestNG.LoginPage.invlaiduserorPaswdMsg(LoginPage.java:25)
at PageObjectTestNG.LoginPage.invlaiduserorPaswdMsg(LoginPage.java:25)
at PageObjectTestNG.LoginPage.invlaiduserorPaswdMsg(LoginPage.java:25)
at PageObjectTestNG.LoginPage.invlaiduserorPaswdMsg(LoginPage.java:25)
at PageObjectTestNG.LoginPage.invlaiduserorPaswdMsg(LoginPage.java:25)
at PageObjectTestNG.LoginPage.invlaiduserorPaswdMsg(LoginPage.java:25)
at PageObjectTestNG.LoginPage.invlaiduserorPaswdMsg(LoginPage.java:25)
at PageObjectTestNG.LoginPage.invlaiduserorPaswdMsg(LoginPage.java:25)
at PageObjectTestNG.LoginPage.invlaiduserorPaswdMsg(LoginPage.java:25)
at PageObjectTestNG.LoginPage.invlaiduserorPaswdMsg(LoginPage.java:25)
at PageObjectTestNG.LoginPage.invlaiduserorPaswdMsg(LoginPage.java:25)
at PageObjectTestNG.LoginPage.invlaiduserorPaswdMsg(LoginPage.java:25)
at PageObjectTestNG.LoginPage.invlaiduserorPaswdMsg(LoginPage.java:25)
at PageObjectTestNG.LoginPage.invlaiduserorPaswdMsg(LoginPage.java:25)
at PageObjectTestNG.LoginPage.invlaiduserorPaswdMsg(LoginPage.java:25)
at PageObjectTestNG.LoginPage.invlaiduserorPaswdMsg(LoginPage.java:25)
at PageObjectTestNG.LoginPage.invlaiduserorPaswdMsg(LoginPage.java:25)
at PageObjectTestNG.LoginPage.invlaiduserorPaswdMsg(LoginPage.java:25)
at PageObjectTestNG.LoginPage.invlaiduserorPaswdMsg(LoginPage.java:25)
at PageObjectTestNG.LoginPage.invlaiduserorPaswdMsg(LoginPage.java:25)
at PageObjectTestNG.LoginPage.invlaiduserorPaswdMsg(LoginPage.java:25)
at PageObjectTestNG.LoginPage.invlaiduserorPaswdMsg(LoginPage.java:25)
at PageObjectTestNG.LoginPage.invlaiduserorPaswdMsg(LoginPage.java:25)
at PageObjectTestNG.LoginPage.invlaiduserorPaswdMsg(LoginPage.java:25)
at PageObjectTestNG.LoginPage.invlaiduserorPaswdMsg(LoginPage.java:25)
at PageObjectTestNG.LoginPage.invlaiduserorPaswdMsg(LoginPage.java:25)
at PageObjectTestNG.LoginPage.invlaiduserorPaswdMsg(LoginPage.java:25)
at PageObjectTestNG.LoginPage.invlaiduserorPaswdMsg(LoginPage.java:25)
at PageObjectTestNG.LoginPage.invlaiduserorPaswdMsg(LoginPage.java:25)
at PageObjectTestNG.LoginPage.invlaiduserorPaswdMsg(LoginPage.java:25)
at PageObjectTestNG.LoginPage.invlaiduserorPaswdMsg(LoginPage.java:25)
at PageObjectTestNG.LoginPage.invlaiduserorPaswdMsg(LoginPage.java:25)
at PageObjectTestNG.LoginPage.invlaiduserorPaswdMsg(LoginPage.java:25)
at PageObjectTestNG.LoginPage.invlaiduserorPaswdMsg(LoginPage.java:25)
at PageObjectTestNG.LoginPage.invlaiduserorPaswdMsg(LoginPage.java:25)
at PageObjectTestNG.LoginPage.invlaiduserorPaswdMsg(LoginPage.java:25)
at PageObjectTestNG.LoginPage.invlaiduserorPaswdMsg(LoginPage.java:25)
at PageObjectTestNG.LoginPage.invlaiduserorPaswdMsg(LoginPage.java:25)
at PageObjectTestNG.LoginPage.invlaiduserorPaswdMsg(LoginPage.java:25)
at PageObjectTestNG.LoginPage.invlaiduserorPaswdMsg(LoginPage.java:25)
at PageObjectTestNG.LoginPage.invlaiduserorPaswdMsg(LoginPage.java:25)
at PageObjectTestNG.LoginPage.invlaiduserorPaswdMsg(LoginPage.java:25)
at PageObjectTestNG.LoginPage.invlaiduserorPaswdMsg(LoginPage.java:25)
at PageObjectTestNG.LoginPage.invlaiduserorPaswdMsg(LoginPage.java:25)
at PageObjectTestNG.LoginPage.invlaiduserorPaswdMsg(LoginPage.java:25)
at PageObjectTestNG.LoginPage.invlaiduserorPaswdMsg(LoginPage.java:25)
at PageObjectTestNG.LoginPage.invlaiduserorPaswdMsg(LoginPage.java:25)
at PageObjectTestNG.LoginPage.invlaiduserorPaswdMsg(LoginPage.java:25)
at PageObjectTestNG.LoginPage.invlaiduserorPaswdMsg(LoginPage.java:25)
at PageObjectTestNG.LoginPage.invlaiduserorPaswdMsg(LoginPage.java:25)
at PageObjectTestNG.LoginPage.invlaiduserorPaswdMsg(LoginPage.java:25)
at PageObjectTestNG.LoginPage.invlaiduserorPaswdMsg(LoginPage.java:25)
at PageObjectTestNG.LoginPage.invlaiduserorPaswdMsg(LoginPage.java:25)
at PageObjectTestNG.LoginPage.invlaiduserorPaswdMsg(LoginPage.java:25)
at PageObjectTestNG.LoginPage.invlaiduserorPaswdMsg(LoginPage.java:25)
at PageObjectTestNG.LoginPage.invlaiduserorPaswdMsg(LoginPage.java:25)
at PageObjectTestNG.LoginPage.invlaiduserorPaswdMsg(LoginPage.java:25)
at PageObjectTestNG.LoginPage.invlaiduserorPaswdMsg(LoginPage.java:25)
at PageObjectTestNG.LoginPage.invlaiduserorPaswdMsg(LoginPage.java:25)
at PageObjectTestNG.LoginPage.invlaiduserorPaswdMsg(LoginPage.java:25)
at PageObjectTestNG.LoginPage.invlaiduserorPaswdMsg(LoginPage.java:25)
at PageObjectTestNG.LoginPage.invlaiduserorPaswdMsg(LoginPage.java:25)
at PageObjectTestNG.LoginPage.invlaiduserorPaswdMsg(LoginPage.java:25)
at PageObjectTestNG.LoginPage.invlaiduserorPaswdMsg(LoginPage.java:25)
at PageObjectTestNG.LoginPage.invlaiduserorPaswdMsg(LoginPage.java:25)
at PageObjectTestNG.LoginPage.invlaiduserorPaswdMsg(LoginPage.java:25)
at PageObjectTestNG.LoginPage.invlaiduserorPaswdMsg(LoginPage.java:25)
at PageObjectTestNG.LoginPage.invlaiduserorPaswdMsg(LoginPage.java:25)
at PageObjectTestNG.LoginPage.invlaiduserorPaswdMsg(LoginPage.java:25)
at PageObjectTestNG.LoginPage.invlaiduserorPaswdMsg(LoginPage.java:25)
at PageObjectTestNG.LoginPage.invlaiduserorPaswdMsg(LoginPage.java:25)
at PageObjectTestNG.LoginPage.invlaiduserorPaswdMsg(LoginPage.java:25)
at PageObjectTestNG.LoginPage.invlaiduserorPaswdMsg(LoginPage.java:25)
at PageObjectTestNG.LoginPage.invlaiduserorPaswdMsg(LoginPage.java:25)
at PageObjectTestNG.LoginPage.invlaiduserorPaswdMsg(LoginPage.java:25)
at PageObjectTestNG.LoginPage.invlaiduserorPaswdMsg(LoginPage.java:25)
at PageObjectTestNG.LoginPage.invlaiduserorPaswdMsg(LoginPage.java:25)
at PageObjectTestNG.LoginPage.invlaiduserorPaswdMsg(LoginPage.java:25)
at PageObjectTestNG.LoginPage.invlaiduserorPaswdMsg(LoginPage.java:25)
at PageObjectTestNG.LoginPage.invlaiduserorPaswdMsg(LoginPage.java:25)
at PageObjectTestNG.LoginPage.invlaiduserorPaswdMsg(LoginPage.java:25)
at PageObjectTestNG.LoginPage.invlaiduserorPaswdMsg(LoginPage.java:25)
at PageObjectTestNG.LoginPage.invlaiduserorPaswdMsg(LoginPage.java:25)
at PageObjectTestNG.LoginPage.invlaiduserorPaswdMsg(LoginPage.java:25)
at PageObjectTestNG.LoginPage.invlaiduserorPaswdMsg(LoginPage.java:25)
at PageObjectTestNG.LoginPage.invlaiduserorPaswdMsg(LoginPage.java:25)
at PageObjectTestNG.LoginPage.invlaiduserorPaswdMsg(LoginPage.java:25)
at PageObjectTestNG.LoginPage.invlaiduserorPaswdMsg(LoginPage.java:25)
at PageObjectTestNG.LoginPage.invlaiduserorPaswdMsg(LoginPage.java:25)
at PageObjectTestNG.LoginPage.invlaiduserorPaswdMsg(LoginPage.java:25)
at PageObjectTestNG.LoginPage.invlaiduserorPaswdMsg(LoginPage.java:25)
at PageObjectTestNG.LoginPage.invlaiduserorPaswdMsg(LoginPage.java:25)
at PageObjectTestNG.LoginPage.invlaiduserorPaswdMsg(LoginPage.java:25)
at PageObjectTestNG.LoginPage.invlaiduserorPaswdMsg(LoginPage.java:25)
at PageObjectTestNG.LoginPage.invlaiduserorPaswdMsg(LoginPage.java:25)
at PageObjectTestNG.LoginPage.invlaiduserorPaswdMsg(LoginPage.java:25)
at PageObjectTestNG.LoginPage.invlaiduserorPaswdMsg(LoginPage.java:25)
at PageObjectTestNG.LoginPage.invlaiduserorPaswdMsg(LoginPage.java:25)
at PageObjectTestNG.LoginPage.invlaiduserorPaswdMsg(LoginPage.java:25)
at PageObjectTestNG.LoginPage.invlaiduserorPaswdMsg(LoginPage.java:25)
at PageObjectTestNG.LoginPage.invlaiduserorPaswdMsg(LoginPage.java:25)
at PageObjectTestNG.LoginPage.invlaiduserorPaswdMsg(LoginPage.java:25)
at PageObjectTestNG.LoginPage.invlaiduserorPaswdMsg(LoginPage.java:25)
at PageObjectTestNG.LoginPage.invlaiduserorPaswdMsg(LoginPage.java:25)
at PageObjectTestNG.LoginPage.invlaiduserorPaswdMsg(LoginPage.java:25)
at PageObjectTestNG.LoginPage.invlaiduserorPaswdMsg(LoginPage.java:25)
at PageObjectTestNG.LoginPage.invlaiduserorPaswdMsg(LoginPage.java:25)
at PageObjectTestNG.LoginPage.invlaiduserorPaswdMsg(LoginPage.java:25)
at PageObjectTestNG.LoginPage.invlaiduserorPaswdMsg(LoginPage.java:25)
at PageObjectTestNG.LoginPage.invlaiduserorPaswdMsg(LoginPage.java:25)
at PageObjectTestNG.LoginPage.invlaiduserorPaswdMsg(LoginPage.java:25)
at PageObjectTestNG.LoginPage.invlaiduserorPaswdMsg(LoginPage.java:25)
at PageObjectTestNG.LoginPage.invlaiduserorPaswdMsg(LoginPage.java:25)
at PageObjectTestNG.LoginPage.invlaiduserorPaswdMsg(LoginPage.java:25)
at PageObjectTestNG.LoginPage.invlaiduserorPaswdMsg(LoginPage.java:25)
at PageObjectTestNG.LoginPage.invlaiduserorPaswdMsg(LoginPage.java:25)
at PageObjectTestNG.LoginPage.invlaiduserorPaswdMsg(LoginPage.java:25)
at PageObjectTestNG.LoginPage.invlaiduserorPaswdMsg(LoginPage.java:25)
at PageObjectTestNG.LoginPage.invlaiduserorPaswdMsg(LoginPage.java:25)
at PageObjectTestNG.LoginPage.invlaiduserorPaswdMsg(LoginPage.java:25)
at PageObjectTestNG.LoginPage.invlaiduserorPaswdMsg(LoginPage.java:25)
at PageObjectTestNG.LoginPage.invlaiduserorPaswdMsg(LoginPage.java:25)
at PageObjectTestNG.LoginPage.invlaiduserorPaswdMsg(LoginPage.java:25)
at PageObjectTestNG.LoginPage.invlaiduserorPaswdMsg(LoginPage.java:25)
at PageObjectTestNG.LoginPage.invlaiduserorPaswdMsg(LoginPage.java:25)
at PageObjectTestNG.LoginPage.invlaiduserorPaswdMsg(LoginPage.java:25)
at PageObjectTestNG.LoginPage.invlaiduserorPaswdMsg(LoginPage.java:25)
at PageObjectTestNG.LoginPage.invlaiduserorPaswdMsg(LoginPage.java:25)
at PageObjectTestNG.LoginPage.invlaiduserorPaswdMsg(LoginPage.java:25)
at PageObjectTestNG.LoginPage.invlaiduserorPaswdMsg(LoginPage.java:25)
at PageObjectTestNG.LoginPage.invlaiduserorPaswdMsg(LoginPage.java:25)
at PageObjectTestNG.LoginPage.invlaiduserorPaswdMsg(LoginPage.java:25)
at PageObjectTestNG.LoginPage.invlaiduserorPaswdMsg(LoginPage.java:25)
at PageObjectTestNG.LoginPage.invlaiduserorPaswdMsg(LoginPage.java:25)
at PageObjectTestNG.LoginPage.invlaiduserorPaswdMsg(LoginPage.java:25)
at PageObjectTestNG.LoginPage.invlaiduserorPaswdMsg(LoginPage.java:25)
at PageObjectTestNG.LoginPage.invlaiduserorPaswdMsg(LoginPage.java:25)
at PageObjectTestNG.LoginPage.invlaiduserorPaswdMsg(LoginPage.java:25)
at PageObjectTestNG.LoginPage.invlaiduserorPaswdMsg(LoginPage.java:25)
at PageObjectTestNG.LoginPage.invlaiduserorPaswdMsg(LoginPage.java:25)
at PageObjectTestNG.LoginPage.invlaiduserorPaswdMsg(LoginPage.java:25)
at PageObjectTestNG.LoginPage.invlaiduserorPaswdMsg(LoginPage.java:25)
at PageObjectTestNG.LoginPage.invlaiduserorPaswdMsg(LoginPage.java:25)
at PageObjectTestNG.LoginPage.invlaiduserorPaswdMsg(LoginPage.java:25)
at PageObjectTestNG.LoginPage.invlaiduserorPaswdMsg(LoginPage.java:25)
at PageObjectTestNG.LoginPage.invlaiduserorPaswdMsg(LoginPage.java:25)
at PageObjectTestNG.LoginPage.invlaiduserorPaswdMsg(LoginPage.java:25)
at PageObjectTestNG.LoginPage.invlaiduserorPaswdMsg(LoginPage.java:25)
at PageObjectTestNG.LoginPage.invlaiduserorPaswdMsg(LoginPage.java:25)
at PageObjectTestNG.LoginPage.invlaiduserorPaswdMsg(LoginPage.java:25)
at PageObjectTestNG.LoginPage.invlaiduserorPaswdMsg(LoginPage.java:25)
at PageObjectTestNG.LoginPage.invlaiduserorPaswdMsg(LoginPage.java:25)
at PageObjectTestNG.LoginPage.invlaiduserorPaswdMsg(LoginPage.java:25)
at PageObjectTestNG.LoginPage.invlaiduserorPaswdMsg(LoginPage.java:25)
at PageObjectTestNG.LoginPage.invlaiduserorPaswdMsg(LoginPage.java:25)
at PageObjectTestNG.LoginPage.invlaiduserorPaswdMsg(LoginPage.java:25)
at PageObjectTestNG.LoginPage.invlaiduserorPaswdMsg(LoginPage.java:25)
at PageObjectTestNG.LoginPage.invlaiduserorPaswdMsg(LoginPage.java:25)
at PageObjectTestNG.LoginPage.invlaiduserorPaswdMsg(LoginPage.java:25)
at PageObjectTestNG.LoginPage.invlaiduserorPaswdMsg(LoginPage.java:25)
at PageObjectTestNG.LoginPage.invlaiduserorPaswdMsg(LoginPage.java:25)
at PageObjectTestNG.LoginPage.invlaiduserorPaswdMsg(LoginPage.java:25)
at PageObjectTestNG.LoginPage.invlaiduserorPaswdMsg(LoginPage.java:25)
at PageObjectTestNG.LoginPage.invlaiduserorPaswdMsg(LoginPage.java:25)
at PageObjectTestNG.LoginPage.invlaiduserorPaswdMsg(LoginPage.java:25)
at PageObjectTestNG.LoginPage.invlaiduserorPaswdMsg(LoginPage.java:25)
at PageObjectTestNG.LoginPage.invlaiduserorPaswdMsg(LoginPage.java:25)
at PageObjectTestNG.LoginPage.invlaiduserorPaswdMsg(LoginPage.java:25)
at PageObjectTestNG.LoginPage.invlaiduserorPaswdMsg(LoginPage.java:25)
at PageObjectTestNG.LoginPage.invlaiduserorPaswdMsg(LoginPage.java:25)
at PageObjectTestNG.LoginPage.invlaiduserorPaswdMsg(LoginPage.java:25)
at PageObjectTestNG.LoginPage.invlaiduserorPaswdMsg(LoginPage.java:25)
at PageObjectTestNG.LoginPage.invlaiduserorPaswdMsg(LoginPage.java:25)
at PageObjectTestNG.LoginPage.invlaiduserorPaswdMsg(LoginPage.java:25)
at PageObjectTestNG.LoginPage.invlaiduserorPaswdMsg(LoginPage.java:25)
at PageObjectTestNG.LoginPage.invlaiduserorPaswdMsg(LoginPage.java:25)
at PageObjectTestNG.LoginPage.invlaiduserorPaswdMsg(LoginPage.java:25)
at PageObjectTestNG.LoginPage.invlaiduserorPaswdMsg(LoginPage.java:25)
at PageObjectTestNG.LoginPage.invlaiduserorPaswdMsg(LoginPage.java:25)
at PageObjectTestNG.LoginPage.invlaiduserorPaswdMsg(LoginPage.java:25)
at PageObjectTestNG.LoginPage.invlaiduserorPaswdMsg(LoginPage.java:25)
at PageObjectTestNG.LoginPage.invlaiduserorPaswdMsg(LoginPage.java:25)
at PageObjectTestNG.LoginPage.invlaiduserorPaswdMsg(LoginPage.java:25)
at PageObjectTestNG.LoginPage.invlaiduserorPaswdMsg(LoginPage.java:25)
at PageObjectTestNG.LoginPage.invlaiduserorPaswdMsg(LoginPage.java:25)
at PageObjectTestNG.LoginPage.invlaiduserorPaswdMsg(LoginPage.java:25)
at PageObjectTestNG.LoginPage.invlaiduserorPaswdMsg(LoginPage.java:25)
at PageObjectTestNG.LoginPage.invlaiduserorPaswdMsg(LoginPage.java:25)
at PageObjectTestNG.LoginPage.invlaiduserorPaswdMsg(LoginPage.java:25)
at PageObjectTestNG.LoginPage.invlaiduserorPaswdMsg(LoginPage.java:25)
at PageObjectTestNG.LoginPage.invlaiduserorPaswdMsg(LoginPage.java:25)
at PageObjectTestNG.LoginPage.invlaiduserorPaswdMsg(LoginPage.java:25)
at PageObjectTestNG.LoginPage.invlaiduserorPaswdMsg(LoginPage.java:25)
at PageObjectTestNG.LoginPage.invlaiduserorPaswdMsg(LoginPage.java:25)
at PageObjectTestNG.LoginPage.invlaiduserorPaswdMsg(LoginPage.java:25)
at PageObjectTestNG.LoginPage.invlaiduserorPaswdMsg(LoginPage.java:25)
at PageObjectTestNG.LoginPage.invlaiduserorPaswdMsg(LoginPage.java:25)
at PageObjectTestNG.LoginPage.invlaiduserorPaswdMsg(LoginPage.java:25)
at PageObjectTestNG.LoginPage.invlaiduserorPaswdMsg(LoginPage.java:25)
at PageObjectTestNG.LoginPage.invlaiduserorPaswdMsg(LoginPage.java:25)
at PageObjectTestNG.LoginPage.invlaiduserorPaswdMsg(LoginPage.java:25)
at PageObjectTestNG.LoginPage.invlaiduserorPaswdMsg(LoginPage.java:25)
at PageObjectTestNG.LoginPage.invlaiduserorPaswdMsg(LoginPage.java:25)
at PageObjectTestNG.LoginPage.invlaiduserorPaswdMsg(LoginPage.java:25)
at PageObjectTestNG.LoginPage.invlaiduserorPaswdMsg(LoginPage.java:25)
at PageObjectTestNG.LoginPage.invlaiduserorPaswdMsg(LoginPage.java:25)
at PageObjectTestNG.LoginPage.invlaiduserorPaswdMsg(LoginPage.java:25)
at PageObjectTestNG.LoginPage.invlaiduserorPaswdMsg(LoginPage.java:25)
at PageObjectTestNG.LoginPage.invlaiduserorPaswdMsg(LoginPage.java:25)
at PageObjectTestNG.LoginPage.invlaiduserorPaswdMsg(LoginPage.java:25)
at PageObjectTestNG.LoginPage.invlaiduserorPaswdMsg(LoginPage.java:25)
at PageObjectTestNG.LoginPage.invlaiduserorPaswdMsg(LoginPage.java:25)
at PageObjectTestNG.LoginPage.invlaiduserorPaswdMsg(LoginPage.java:25)
at PageObjectTestNG.LoginPage.invlaiduserorPaswdMsg(LoginPage.java:25)
at PageObjectTestNG.LoginPage.invlaiduserorPaswdMsg(LoginPage.java:25)
]]>
    </error>
  </testcase> <!-- verifyLoginCredentials -->
  <system-out/>
  <testcase classname="TestCasesTestNG.EktaLogin" name="verifyLoginCredentials" time="4.072"/>
  <system-out/>
</testsuite> <!-- TestCasesTestNG.EktaLogin -->
