<?xml version="1.0" encoding="UTF-8"?>
<!-- Generated by org.testng.reporters.JUnitReportReporter -->
<testsuite hostname="LAPTOP-G6OBC7CG" failures="0" tests="4" name="TestCasesTestNG.LoginTestCase1" time="11.023" errors="0" timestamp="2022-11-21T15:26:05 CST" skipped="0">
  <testcase classname="TestCasesTestNG.LoginTestCase1" name="DDLogin" time="2.659"/>
  <system-out/>
  <testcase classname="TestCasesTestNG.LoginTestCase1" name="DDLogin" time="2.686"/>
  <system-out/>
  <testcase classname="TestCasesTestNG.LoginTestCase1" name="DDLogin" time="2.700"/>
  <system-out/>
  <testcase classname="TestCasesTestNG.LoginTestCase1" name="sucessLogin" time="2.978"/>
  <system-out/>
</testsuite> <!-- TestCasesTestNG.LoginTestCase1 -->
