<?xml version="1.0" encoding="UTF-8"?>
<!-- Generated by org.testng.reporters.JUnitReportReporter -->
<testsuite hostname="LAPTOP-G6OBC7CG" failures="0" tests="15" name="TestCasesTestNG.Tc_TreeModule" time="31.108" errors="0" timestamp="2022-11-21T15:26:05 CST" skipped="0">
  <testcase classname="TestCasesTestNG.Tc_TreeModule" name="User_Login" time="3.558"/>
  <system-out/>
  <testcase classname="TestCasesTestNG.Tc_TreeModule" name="ClickTree" time="0.826"/>
  <system-out/>
  <testcase classname="TestCasesTestNG.Tc_TreeModule" name="ClickOVT" time="2.588"/>
  <system-out/>
  <testcase classname="TestCasesTestNG.Tc_TreeModule" name="TERMClick" time="2.183"/>
  <system-out/>
  <testcase classname="TestCasesTestNG.Tc_TreeModule" name="TypeOfTree" time="2.009"/>
  <system-out/>
  <testcase classname="TestCasesTestNG.Tc_TreeModule" name="TreeTraversal" time="2.119"/>
  <system-out/>
  <testcase classname="TestCasesTestNG.Tc_TreeModule" name="TreeIllustration" time="1.962"/>
  <system-out/>
  <testcase classname="TestCasesTestNG.Tc_TreeModule" name="BinaryTree" time="2.029"/>
  <system-out/>
  <testcase classname="TestCasesTestNG.Tc_TreeModule" name="TypesOfBinaryTree" time="2.046"/>
  <system-out/>
  <testcase classname="TestCasesTestNG.Tc_TreeModule" name="ImplementationInPython" time="1.932"/>
  <system-out/>
  <testcase classname="TestCasesTestNG.Tc_TreeModule" name="BinaryTreeTraversals" time="1.916"/>
  <system-out/>
  <testcase classname="TestCasesTestNG.Tc_TreeModule" name="ImplementationBinaryTree" time="1.912"/>
  <system-out/>
  <testcase classname="TestCasesTestNG.Tc_TreeModule" name="ApplicationBinaryTree" time="1.861"/>
  <system-out/>
  <testcase classname="TestCasesTestNG.Tc_TreeModule" name="BinarySearchTree" time="2.080"/>
  <system-out/>
  <testcase classname="TestCasesTestNG.Tc_TreeModule" name="ImplementionBST" time="2.087"/>
  <system-out/>
</testsuite> <!-- TestCasesTestNG.Tc_TreeModule -->
