<?xml version="1.0" encoding="UTF-8"?>
<!-- Generated by org.testng.reporters.JUnitReportReporter -->
<testsuite hostname="LAPTOP-G6OBC7CG" failures="0" tests="4" name="TestCasesTestNG.TC_Graph" time="8.063" errors="0" timestamp="2022-11-21T15:26:05 CST" skipped="0">
  <testcase classname="TestCasesTestNG.TC_Graph" name="User_Login" time="3.099"/>
  <system-out/>
  <testcase classname="TestCasesTestNG.TC_Graph" name="ClickGraphPage" time="0.752"/>
  <system-out/>
  <testcase classname="TestCasesTestNG.TC_Graph" name="ClickGraph" time="2.257"/>
  <system-out/>
  <testcase classname="TestCasesTestNG.TC_Graph" name="ClickGraphRep" time="1.955"/>
  <system-out/>
</testsuite> <!-- TestCasesTestNG.TC_Graph -->
