<?xml version="1.0" encoding="UTF-8"?>
<!-- Generated by org.testng.reporters.JUnitReportReporter -->
<testsuite hostname="LAPTOP-G6OBC7CG" failures="0" tests="1" name="TestCasesTestNG.TestPortalPage" time="0.365" errors="0" timestamp="2022-11-21T15:26:05 CST" skipped="0">
  <testcase classname="TestCasesTestNG.TestPortalPage" name="TestgetStartedPage" time="0.365"/>
  <system-out/>
</testsuite> <!-- TestCasesTestNG.TestPortalPage -->
