<?xml version="1.0" encoding="UTF-8"?>
<!-- Generated by org.testng.reporters.JUnitReportReporter -->
<testsuite hostname="LAPTOP-G6OBC7CG" failures="0" tests="3" name="TestCasesTestNG.TestHomePage" time="1.961" errors="0" timestamp="2022-11-21T15:26:05 CST" skipped="0">
  <testcase classname="TestCasesTestNG.TestHomePage" name="HomePAgetest" time="0.168"/>
  <system-out/>
  <testcase classname="TestCasesTestNG.TestHomePage" name="checkLoginWarningMsg" time="0.566"/>
  <system-out/>
  <testcase classname="TestCasesTestNG.TestHomePage" name="CheckDataStructureMenu" time="1.227"/>
  <system-out/>
</testsuite> <!-- TestCasesTestNG.TestHomePage -->
