<?xml version="1.0" encoding="UTF-8"?>
<!-- Generated by org.testng.reporters.JUnitReportReporter -->
<testsuite hostname="LAPTOP-G6OBC7CG" failures="0" tests="9" name="TestCasesTestNG.TC_LinkedList" time="17.191" errors="0" timestamp="2022-11-21T15:26:05 CST" skipped="0">
  <testcase classname="TestCasesTestNG.TC_LinkedList" name="User_Login" time="3.121"/>
  <system-out/>
  <testcase classname="TestCasesTestNG.TC_LinkedList" name="ClickLinkedList" time="0.809"/>
  <system-out/>
  <testcase classname="TestCasesTestNG.TC_LinkedList" name="ClickIntroduction" time="2.807"/>
  <system-out/>
  <testcase classname="TestCasesTestNG.TC_LinkedList" name="ClickCreatingLinkedList" time="1.387"/>
  <system-out/>
  <testcase classname="TestCasesTestNG.TC_LinkedList" name="ClickTypeLinkedList" time="1.972"/>
  <system-out/>
  <testcase classname="TestCasesTestNG.TC_LinkedList" name="ClickImpLinkedListPython" time="1.875"/>
  <system-out/>
  <testcase classname="TestCasesTestNG.TC_LinkedList" name="ClickTraversal" time="1.917"/>
  <system-out/>
  <testcase classname="TestCasesTestNG.TC_LinkedList" name="ClickInsertion" time="1.405"/>
  <system-out/>
  <testcase classname="TestCasesTestNG.TC_LinkedList" name="ClickDeletion" time="1.898"/>
  <system-out/>
</testsuite> <!-- TestCasesTestNG.TC_LinkedList -->
