<?xml version="1.0" encoding="UTF-8"?>
<!-- Generated by org.testng.reporters.JUnitReportReporter -->
<testsuite hostname="LAPTOP-G6OBC7CG" failures="0" tests="1" name="TestCasesTestNG.Test_GetStartedPage" time="0.272" errors="0" timestamp="2022-10-19T20:56:45 CDT" skipped="0">
  <testcase classname="TestCasesTestNG.Test_GetStartedPage" name="TestgetStartedPage" time="0.272"/>
  <system-out/>
</testsuite> <!-- TestCasesTestNG.Test_GetStartedPage -->
