<?xml version="1.0" encoding="UTF-8"?>
<!-- Generated by org.testng.reporters.JUnitReportReporter -->
<testsuite hostname="LAPTOP-G6OBC7CG" failures="0" tests="4" name="TestCasesTestNG.module1DataStructureTest" time="10.130" errors="0" timestamp="2022-11-21T15:26:04 CST" skipped="0">
  <testcase classname="TestCasesTestNG.module1DataStructureTest" name="enterToDataStructureModule" time="4.618"/>
  <system-out/>
  <testcase classname="TestCasesTestNG.module1DataStructureTest" name="clickOnTimeCopmlexityOnDataStructure" time="0.746"/>
  <system-out/>
  <testcase classname="TestCasesTestNG.module1DataStructureTest" name="ClickOnTry" time="4.757"/>
  <system-out/>
  <testcase classname="TestCasesTestNG.module1DataStructureTest" name="PracticeQuestion" time="0.009"/>
  <system-out/>
</testsuite> <!-- TestCasesTestNG.module1DataStructureTest -->
