<?xml version="1.0" encoding="UTF-8"?>
<!-- Generated by org.testng.reporters.JUnitReportReporter -->
<testsuite hostname="LAPTOP-G6OBC7CG" failures="0" tests="14" name="TestCasesTestNG.Module2Array_Test" time="40.685" errors="0" timestamp="2022-11-21T15:26:05 CST" skipped="0">
  <testcase classname="TestCasesTestNG.Module2Array_Test" name="EnterArraysInPython" time="3.288"/>
  <system-out/>
  <testcase classname="TestCasesTestNG.Module2Array_Test" name="enterOnArraysinPython" time="0.922"/>
  <system-out/>
  <testcase classname="TestCasesTestNG.Module2Array_Test" name="tryArraysinPython" time="5.903"/>
  <system-out/>
  <testcase classname="TestCasesTestNG.Module2Array_Test" name="enterArraysUsingList" time="0.859"/>
  <system-out/>
  <testcase classname="TestCasesTestNG.Module2Array_Test" name="tryforArraysUsingList" time="4.691"/>
  <system-out/>
  <testcase classname="TestCasesTestNG.Module2Array_Test" name="enteringToBasicOperationList" time="0.777"/>
  <system-out/>
  <testcase classname="TestCasesTestNG.Module2Array_Test" name="tryPythonCodeinOperationBasic" time="4.714"/>
  <system-out/>
  <testcase classname="TestCasesTestNG.Module2Array_Test" name="entereningToApplicationOfArray" time="0.311"/>
  <system-out/>
  <testcase classname="TestCasesTestNG.Module2Array_Test" name="tryPythonCodeInApplicationOfArray" time="4.675"/>
  <system-out/>
  <testcase classname="TestCasesTestNG.Module2Array_Test" name="tryPracticeQuestionForArray" time="0.336"/>
  <system-out/>
  <testcase classname="TestCasesTestNG.Module2Array_Test" name="tryQuestin1" time="3.551"/>
  <system-out/>
  <testcase classname="TestCasesTestNG.Module2Array_Test" name="tryQuestin2" time="3.534"/>
  <system-out/>
  <testcase classname="TestCasesTestNG.Module2Array_Test" name="tryQuestin3" time="3.587"/>
  <system-out/>
  <testcase classname="TestCasesTestNG.Module2Array_Test" name="tryQuestin4" time="3.537"/>
  <system-out/>
</testsuite> <!-- TestCasesTestNG.Module2Array_Test -->
