<?xml version="1.0" encoding="UTF-8"?>
<!-- Generated by org.testng.reporters.JUnitReportReporter -->
<testsuite hostname="LAPTOP-G6OBC7CG" failures="0" tests="6" name="TestCasesTestNG.TC_ModuleQueue" time="12.791" errors="0" timestamp="2022-11-21T15:26:04 CST" skipped="0">
  <testcase classname="TestCasesTestNG.TC_ModuleQueue" name="User_Login" time="3.259"/>
  <system-out/>
  <testcase classname="TestCasesTestNG.TC_ModuleQueue" name="ClickQueue" time="0.779"/>
  <system-out/>
  <testcase classname="TestCasesTestNG.TC_ModuleQueue" name="ClickImplementQueuePython" time="1.796"/>
  <system-out/>
  <testcase classname="TestCasesTestNG.TC_ModuleQueue" name="ClickImplementCollectDeque" time="3.351"/>
  <system-out/>
  <testcase classname="TestCasesTestNG.TC_ModuleQueue" name="ClickImplementArray" time="1.842"/>
  <system-out/>
  <testcase classname="TestCasesTestNG.TC_ModuleQueue" name="ClickQueueOperation" time="1.764"/>
  <system-out/>
</testsuite> <!-- TestCasesTestNG.TC_ModuleQueue -->
