<?xml version="1.0" encoding="UTF-8"?>
<!-- Generated by org.testng.reporters.JUnitReportReporter -->
<testsuite hostname="LAPTOP-G6OBC7CG" failures="0" tests="1" name="TestCasesTestNG.register" time="0.588" errors="0" timestamp="2022-11-06T15:27:41 CST" skipped="0">
  <testcase classname="TestCasesTestNG.register" name="registers" time="0.588"/>
  <system-out/>
</testsuite> <!-- TestCasesTestNG.register -->
