<?xml version="1.0" encoding="UTF-8"?>
<!-- Generated by org.testng.reporters.JUnitReportReporter -->
<testsuite hostname="LAPTOP-G6OBC7CG" failures="0" tests="5" name="TestCasesTestNG.Tc_StackModule" time="11.833" errors="0" timestamp="2022-11-21T15:26:05 CST" skipped="0">
  <testcase classname="TestCasesTestNG.Tc_StackModule" name="User_Login" time="3.709"/>
  <system-out/>
  <testcase classname="TestCasesTestNG.Tc_StackModule" name="ClickStack" time="0.755"/>
  <system-out/>
  <testcase classname="TestCasesTestNG.Tc_StackModule" name="ClickOperInStack" time="2.753"/>
  <system-out/>
  <testcase classname="TestCasesTestNG.Tc_StackModule" name="ClickImplementation" time="2.294"/>
  <system-out/>
  <testcase classname="TestCasesTestNG.Tc_StackModule" name="ClickApplications" time="2.322"/>
  <system-out/>
</testsuite> <!-- TestCasesTestNG.Tc_StackModule -->
